{"/Users/zane/.liq/playground/liquid-labs/plugable-express/src/app.js": {"path":"/Users/zane/.liq/playground/liquid-labs/plugable-express/src/app.js","statementMap":{"0":{"start":{"line":1,"column":0},"end":{"line":1,"column":null}},"1":{"start":{"line":2,"column":0},"end":{"line":2,"column":null}},"2":{"start":{"line":3,"column":0},"end":{"line":3,"column":null}},"3":{"start":{"line":5,"column":0},"end":{"line":5,"column":null}},"4":{"start":{"line":6,"column":0},"end":{"line":6,"column":null}},"5":{"start":{"line":7,"column":0},"end":{"line":7,"column":null}},"6":{"start":{"line":9,"column":0},"end":{"line":9,"column":null}},"7":{"start":{"line":10,"column":0},"end":{"line":10,"column":null}},"8":{"start":{"line":11,"column":0},"end":{"line":11,"column":null}},"9":{"start":{"line":13,"column":0},"end":{"line":13,"column":null}},"10":{"start":{"line":14,"column":0},"end":{"line":14,"column":null}},"11":{"start":{"line":15,"column":0},"end":{"line":15,"column":null}},"12":{"start":{"line":16,"column":0},"end":{"line":16,"column":null}},"13":{"start":{"line":17,"column":0},"end":{"line":17,"column":58}},"14":{"start":{"line":17,"column":58},"end":{"line":17,"column":null}},"15":{"start":{"line":19,"column":16},"end":{"line":19,"column":35}},"16":{"start":{"line":20,"column":24},"end":{"line":20,"column":74}},"17":{"start":{"line":21,"column":16},"end":{"line":21,"column":43}},"18":{"start":{"line":22,"column":22},"end":{"line":22,"column":37}},"19":{"start":{"line":37,"column":16},"end":{"line":205,"column":1}},"20":{"start":{"line":38,"column":16},"end":{"line":38,"column":24}},"21":{"start":{"line":54,"column":6},"end":{"line":54,"column":14}},"22":{"start":{"line":56,"column":2},"end":{"line":56,"column":null}},"23":{"start":{"line":58,"column":2},"end":{"line":60,"column":null}},"24":{"start":{"line":59,"column":4},"end":{"line":59,"column":null}},"25":{"start":{"line":62,"column":2},"end":{"line":62,"column":null}},"26":{"start":{"line":64,"column":2},"end":{"line":64,"column":null}},"27":{"start":{"line":65,"column":2},"end":{"line":65,"column":51}},"28":{"start":{"line":66,"column":2},"end":{"line":66,"column":null}},"29":{"start":{"line":68,"column":16},"end":{"line":68,"column":31}},"30":{"start":{"line":71,"column":2},"end":{"line":92,"column":null}},"31":{"start":{"line":96,"column":28},"end":{"line":96,"column":74}},"32":{"start":{"line":97,"column":2},"end":{"line":99,"column":null}},"33":{"start":{"line":98,"column":4},"end":{"line":98,"column":null}},"34":{"start":{"line":103,"column":2},"end":{"line":106,"column":null}},"35":{"start":{"line":104,"column":4},"end":{"line":104,"column":null}},"36":{"start":{"line":105,"column":4},"end":{"line":105,"column":null}},"37":{"start":{"line":108,"column":2},"end":{"line":108,"column":null}},"38":{"start":{"line":108,"column":32},"end":{"line":108,"column":64}},"39":{"start":{"line":111,"column":18},"end":{"line":111,"column":50}},"40":{"start":{"line":113,"column":2},"end":{"line":113,"column":null}},"41":{"start":{"line":114,"column":2},"end":{"line":118,"column":null}},"42":{"start":{"line":120,"column":2},"end":{"line":122,"column":null}},"43":{"start":{"line":121,"column":4},"end":{"line":121,"column":null}},"44":{"start":{"line":123,"column":2},"end":{"line":128,"column":null}},"45":{"start":{"line":124,"column":4},"end":{"line":127,"column":null}},"46":{"start":{"line":125,"column":26},"end":{"line":125,"column":118}},"47":{"start":{"line":126,"column":6},"end":{"line":126,"column":null}},"48":{"start":{"line":130,"column":2},"end":{"line":132,"column":null}},"49":{"start":{"line":131,"column":4},"end":{"line":131,"column":null}},"50":{"start":{"line":135,"column":2},"end":{"line":152,"column":null}},"51":{"start":{"line":136,"column":19},"end":{"line":136,"column":42}},"52":{"start":{"line":137,"column":20},"end":{"line":137,"column":28}},"53":{"start":{"line":138,"column":4},"end":{"line":138,"column":null}},"54":{"start":{"line":139,"column":4},"end":{"line":144,"column":null}},"55":{"start":{"line":145,"column":12},"end":{"line":145,"column":13}},"56":{"start":{"line":146,"column":4},"end":{"line":149,"column":null}},"57":{"start":{"line":147,"column":6},"end":{"line":147,"column":null}},"58":{"start":{"line":148,"column":6},"end":{"line":148,"column":null}},"59":{"start":{"line":150,"column":4},"end":{"line":150,"column":null}},"60":{"start":{"line":151,"column":4},"end":{"line":151,"column":null}},"61":{"start":{"line":154,"column":2},"end":{"line":187,"column":null}},"62":{"start":{"line":155,"column":4},"end":{"line":155,"column":null}},"63":{"start":{"line":155,"column":25},"end":{"line":155,"column":null}},"64":{"start":{"line":157,"column":19},"end":{"line":157,"column":38}},"65":{"start":{"line":158,"column":4},"end":{"line":158,"column":null}},"66":{"start":{"line":160,"column":24},"end":{"line":164,"column":19}},"67":{"start":{"line":165,"column":15},"end":{"line":165,"column":114}},"68":{"start":{"line":167,"column":4},"end":{"line":172,"column":null}},"69":{"start":{"line":168,"column":6},"end":{"line":168,"column":null}},"70":{"start":{"line":171,"column":6},"end":{"line":171,"column":null}},"71":{"start":{"line":174,"column":4},"end":{"line":186,"column":null}},"72":{"start":{"line":175,"column":6},"end":{"line":175,"column":18}},"73":{"start":{"line":178,"column":6},"end":{"line":184,"column":null}},"74":{"start":{"line":179,"column":8},"end":{"line":179,"column":null}},"75":{"start":{"line":182,"column":8},"end":{"line":182,"column":null}},"76":{"start":{"line":183,"column":8},"end":{"line":183,"column":null}},"77":{"start":{"line":185,"column":6},"end":{"line":185,"column":null}},"78":{"start":{"line":189,"column":2},"end":{"line":189,"column":null}},"79":{"start":{"line":191,"column":20},"end":{"line":191,"column":105}},"80":{"start":{"line":192,"column":2},"end":{"line":194,"column":null}},"81":{"start":{"line":193,"column":4},"end":{"line":193,"column":null}},"82":{"start":{"line":195,"column":2},"end":{"line":195,"column":null}},"83":{"start":{"line":196,"column":2},"end":{"line":196,"column":null}},"84":{"start":{"line":198,"column":2},"end":{"line":202,"column":null}},"85":{"start":{"line":199,"column":4},"end":{"line":199,"column":null}},"86":{"start":{"line":200,"column":24},"end":{"line":200,"column":79}},"87":{"start":{"line":201,"column":4},"end":{"line":201,"column":null}},"88":{"start":{"line":204,"column":2},"end":{"line":204,"column":null}},"89":{"start":{"line":207,"column":0},"end":{"line":207,"column":null}},"90":{"start":{"line":208,"column":15},"end":{"line":219,"column":1}},"91":{"start":{"line":209,"column":15},"end":{"line":209,"column":17}},"92":{"start":{"line":211,"column":21},"end":{"line":211,"column":57}},"93":{"start":{"line":212,"column":27},"end":{"line":212,"column":44}},"94":{"start":{"line":213,"column":16},"end":{"line":213,"column":17}},"95":{"start":{"line":214,"column":2},"end":{"line":217,"column":null}},"96":{"start":{"line":215,"column":4},"end":{"line":215,"column":null}},"97":{"start":{"line":216,"column":4},"end":{"line":216,"column":null}},"98":{"start":{"line":218,"column":2},"end":{"line":218,"column":null}},"99":{"start":{"line":221,"column":19},"end":{"line":225,"column":1}},"100":{"start":{"line":222,"column":21},"end":{"line":222,"column":58}},"101":{"start":{"line":224,"column":2},"end":{"line":224,"column":null}},"102":{"start":{"line":225,"column":1},"end":{"line":225,"column":null}},"103":{"start":{"line":227,"column":19},"end":{"line":269,"column":1}}},"fnMap":{"0":{"name":"_getRequireWildcardCache","decl":{"start":{"line":17,"column":58},"end":{"line":17,"column":null}},"loc":{"start":{"line":17,"column":58},"end":{"line":17,"column":null}}},"1":{"name":"(anonymous_3)","decl":{"start":{"line":37,"column":16},"end":{"line":37,"column":22}},"loc":{"start":{"line":37,"column":35},"end":{"line":205,"column":1}}},"2":{"name":"(anonymous_4)","decl":{"start":{"line":103,"column":15},"end":{"line":103,"column":26}},"loc":{"start":{"line":103,"column":26},"end":{"line":106,"column":3}}},"3":{"name":"(anonymous_5)","decl":{"start":{"line":108,"column":22},"end":{"line":108,"column":27}},"loc":{"start":{"line":108,"column":32},"end":{"line":108,"column":64}}},"4":{"name":"(anonymous_6)","decl":{"start":{"line":135,"column":10},"end":{"line":135,"column":11}},"loc":{"start":{"line":135,"column":37},"end":{"line":152,"column":3}}},"5":{"name":"(anonymous_7)","decl":{"start":{"line":154,"column":10},"end":{"line":154,"column":11}},"loc":{"start":{"line":154,"column":37},"end":{"line":187,"column":3}}},"6":{"name":"(anonymous_8)","decl":{"start":{"line":208,"column":15},"end":{"line":208,"column":16}},"loc":{"start":{"line":208,"column":31},"end":{"line":219,"column":1}}},"7":{"name":"(anonymous_9)","decl":{"start":{"line":221,"column":19},"end":{"line":221,"column":22}},"loc":{"start":{"line":221,"column":27},"end":{"line":225,"column":1}}}},"branchMap":{"0":{"loc":{"start":{"line":17,"column":58},"end":{"line":17,"column":null}},"type":"if","locations":[{"start":{"line":17,"column":58},"end":{"line":17,"column":null}}]},"1":{"loc":{"start":{"line":17,"column":58},"end":{"line":17,"column":null}},"type":"cond-expr","locations":[{"start":{"line":17,"column":58},"end":{"line":17,"column":null}},{"start":{"line":17,"column":58},"end":{"line":17,"column":null}}]},"2":{"loc":{"start":{"line":17,"column":58},"end":{"line":17,"column":null}},"type":"binary-expr","locations":[{"start":{"line":17,"column":58},"end":{"line":17,"column":null}},{"start":{"line":17,"column":58},"end":{"line":17,"column":null}},{"start":{"line":17,"column":58},"end":{"line":17,"column":null}}]},"3":{"loc":{"start":{"line":45,"column":4},"end":{"line":45,"column":23}},"type":"default-arg","locations":[{"start":{"line":45,"column":18},"end":{"line":45,"column":23}}]},"4":{"loc":{"start":{"line":51,"column":4},"end":{"line":51,"column":27}},"type":"default-arg","locations":[{"start":{"line":51,"column":22},"end":{"line":51,"column":27}}]},"5":{"loc":{"start":{"line":58,"column":2},"end":{"line":60,"column":null}},"type":"if","locations":[{"start":{"line":58,"column":2},"end":{"line":60,"column":null}}]},"6":{"loc":{"start":{"line":62,"column":8},"end":{"line":62,"column":24}},"type":"binary-expr","locations":[{"start":{"line":62,"column":8},"end":{"line":62,"column":11}},{"start":{"line":62,"column":15},"end":{"line":62,"column":24}}]},"7":{"loc":{"start":{"line":97,"column":2},"end":{"line":99,"column":null}},"type":"if","locations":[{"start":{"line":97,"column":2},"end":{"line":99,"column":null}}]},"8":{"loc":{"start":{"line":120,"column":2},"end":{"line":122,"column":null}},"type":"if","locations":[{"start":{"line":120,"column":2},"end":{"line":122,"column":null}}]},"9":{"loc":{"start":{"line":123,"column":2},"end":{"line":128,"column":null}},"type":"if","locations":[{"start":{"line":123,"column":2},"end":{"line":128,"column":null}}]},"10":{"loc":{"start":{"line":123,"column":6},"end":{"line":123,"column":25}},"type":"cond-expr","locations":[{"start":{"line":123,"column":17},"end":{"line":123,"column":19}},{"start":{"line":123,"column":6},"end":{"line":123,"column":25}}]},"11":{"loc":{"start":{"line":123,"column":6},"end":{"line":123,"column":19}},"type":"binary-expr","locations":[{"start":{"line":123,"column":6},"end":{"line":123,"column":19}},{"start":{"line":123,"column":6},"end":{"line":123,"column":19}}]},"12":{"loc":{"start":{"line":146,"column":11},"end":{"line":146,"column":52}},"type":"binary-expr","locations":[{"start":{"line":146,"column":11},"end":{"line":146,"column":31}},{"start":{"line":146,"column":35},"end":{"line":146,"column":52}}]},"13":{"loc":{"start":{"line":155,"column":4},"end":{"line":155,"column":null}},"type":"if","locations":[{"start":{"line":155,"column":4},"end":{"line":155,"column":null}}]},"14":{"loc":{"start":{"line":157,"column":19},"end":{"line":157,"column":38}},"type":"binary-expr","locations":[{"start":{"line":157,"column":19},"end":{"line":157,"column":31}},{"start":{"line":157,"column":35},"end":{"line":157,"column":38}}]},"15":{"loc":{"start":{"line":160,"column":24},"end":{"line":164,"column":19}},"type":"cond-expr","locations":[{"start":{"line":161,"column":8},"end":{"line":161,"column":16}},{"start":{"line":162,"column":8},"end":{"line":164,"column":19}}]},"16":{"loc":{"start":{"line":160,"column":24},"end":{"line":160,"column":53}},"type":"binary-expr","locations":[{"start":{"line":160,"column":24},"end":{"line":160,"column":37}},{"start":{"line":160,"column":41},"end":{"line":160,"column":53}}]},"17":{"loc":{"start":{"line":162,"column":8},"end":{"line":164,"column":19}},"type":"cond-expr","locations":[{"start":{"line":163,"column":10},"end":{"line":163,"column":18}},{"start":{"line":164,"column":10},"end":{"line":164,"column":19}}]},"18":{"loc":{"start":{"line":162,"column":8},"end":{"line":162,"column":37}},"type":"binary-expr","locations":[{"start":{"line":162,"column":8},"end":{"line":162,"column":21}},{"start":{"line":162,"column":25},"end":{"line":162,"column":37}}]},"19":{"loc":{"start":{"line":167,"column":4},"end":{"line":172,"column":null}},"type":"if","locations":[{"start":{"line":167,"column":4},"end":{"line":172,"column":null}},{"start":{"line":170,"column":9},"end":{"line":172,"column":null}}]},"20":{"loc":{"start":{"line":167,"column":8},"end":{"line":167,"column":48}},"type":"binary-expr","locations":[{"start":{"line":167,"column":8},"end":{"line":167,"column":33}},{"start":{"line":167,"column":37},"end":{"line":167,"column":48}}]},"21":{"loc":{"start":{"line":174,"column":4},"end":{"line":186,"column":null}},"type":"if","locations":[{"start":{"line":174,"column":4},"end":{"line":186,"column":null}},{"start":{"line":177,"column":9},"end":{"line":186,"column":null}}]},"22":{"loc":{"start":{"line":178,"column":6},"end":{"line":184,"column":null}},"type":"if","locations":[{"start":{"line":178,"column":6},"end":{"line":184,"column":null}},{"start":{"line":181,"column":11},"end":{"line":184,"column":null}}]},"23":{"loc":{"start":{"line":198,"column":2},"end":{"line":202,"column":null}},"type":"if","locations":[{"start":{"line":198,"column":2},"end":{"line":202,"column":null}}]},"24":{"loc":{"start":{"line":200,"column":24},"end":{"line":200,"column":79}},"type":"binary-expr","locations":[{"start":{"line":200,"column":24},"end":{"line":200,"column":35}},{"start":{"line":200,"column":39},"end":{"line":200,"column":79}}]},"25":{"loc":{"start":{"line":208,"column":16},"end":{"line":208,"column":26}},"type":"default-arg","locations":[{"start":{"line":208,"column":25},"end":{"line":208,"column":26}}]}},"s":{"0":4,"1":4,"2":4,"3":4,"4":4,"5":4,"6":4,"7":4,"8":4,"9":4,"10":4,"11":4,"12":4,"13":4,"14":864,"15":4,"16":4,"17":4,"18":4,"19":4,"20":5,"21":5,"22":5,"23":5,"24":0,"25":5,"26":5,"27":5,"28":5,"29":5,"30":5,"31":5,"32":5,"33":0,"34":5,"35":0,"36":0,"37":5,"38":0,"39":5,"40":5,"41":5,"42":5,"43":1,"44":5,"45":0,"46":0,"47":0,"48":5,"49":1,"50":5,"51":0,"52":0,"53":0,"54":0,"55":0,"56":0,"57":0,"58":0,"59":0,"60":0,"61":5,"62":0,"63":0,"64":0,"65":0,"66":0,"67":0,"68":0,"69":0,"70":0,"71":0,"72":0,"73":0,"74":0,"75":0,"76":0,"77":0,"78":5,"79":5,"80":5,"81":0,"82":5,"83":5,"84":5,"85":0,"86":0,"87":0,"88":5,"89":4,"90":4,"91":0,"92":0,"93":0,"94":0,"95":0,"96":0,"97":0,"98":0,"99":4,"100":0,"101":0,"102":4,"103":4},"f":{"0":20,"1":5,"2":0,"3":0,"4":0,"5":0,"6":0,"7":0},"b":{"0":[196],"1":[392,400],"2":[204,204,196],"3":[0],"4":[0],"5":[0],"6":[5,5],"7":[0],"8":[1],"9":[0],"10":[5,0],"11":[5,5],"12":[0,0],"13":[0],"14":[0,0],"15":[0,0],"16":[0,0],"17":[0,0],"18":[0,0],"19":[0,0],"20":[0,0],"21":[0,0],"22":[0,0],"23":[0],"24":[0,0],"25":[0]}}
,"/Users/zane/.liq/playground/liquid-labs/plugable-express/src/index.js": {"path":"/Users/zane/.liq/playground/liquid-labs/plugable-express/src/index.js","statementMap":{"0":{"start":{"line":1,"column":0},"end":{"line":1,"column":null}},"1":{"start":{"line":2,"column":0},"end":{"line":2,"column":null}},"2":{"start":{"line":3,"column":0},"end":{"line":3,"column":null}}},"fnMap":{},"branchMap":{},"s":{"0":0,"1":0,"2":0},"f":{},"b":{}}
,"/Users/zane/.liq/playground/liquid-labs/plugable-express/src/server.mjs": {"path":"/Users/zane/.liq/playground/liquid-labs/plugable-express/src/server.mjs","statementMap":{"0":{"start":{"line":1,"column":0},"end":{"line":1,"column":null}},"1":{"start":{"line":3,"column":0},"end":{"line":3,"column":null}},"2":{"start":{"line":5,"column":20},"end":{"line":63,"column":1}},"3":{"start":{"line":18,"column":22},"end":{"line":24,"column":null}},"4":{"start":{"line":27,"column":18},"end":{"line":27,"column":46}},"5":{"start":{"line":29,"column":2},"end":{"line":29,"column":null}},"6":{"start":{"line":30,"column":2},"end":{"line":30,"column":null}},"7":{"start":{"line":31,"column":2},"end":{"line":31,"column":null}},"8":{"start":{"line":32,"column":2},"end":{"line":32,"column":null}},"9":{"start":{"line":33,"column":2},"end":{"line":33,"column":null}},"10":{"start":{"line":34,"column":2},"end":{"line":34,"column":null}},"11":{"start":{"line":36,"column":2},"end":{"line":36,"column":null}},"12":{"start":{"line":38,"column":2},"end":{"line":40,"column":null}},"13":{"start":{"line":39,"column":4},"end":{"line":39,"column":null}},"14":{"start":{"line":42,"column":25},"end":{"line":42,"column":120}},"15":{"start":{"line":44,"column":17},"end":{"line":52,"column":4}},"16":{"start":{"line":45,"column":4},"end":{"line":48,"column":5}},"17":{"start":{"line":46,"column":6},"end":{"line":46,"column":null}},"18":{"start":{"line":47,"column":6},"end":{"line":47,"column":null}},"19":{"start":{"line":50,"column":4},"end":{"line":50,"column":null}},"20":{"start":{"line":51,"column":4},"end":{"line":51,"column":null}},"21":{"start":{"line":55,"column":2},"end":{"line":60,"column":null}},"22":{"start":{"line":56,"column":4},"end":{"line":59,"column":null}},"23":{"start":{"line":57,"column":6},"end":{"line":57,"column":null}},"24":{"start":{"line":58,"column":6},"end":{"line":58,"column":null}},"25":{"start":{"line":62,"column":2},"end":{"line":62,"column":null}},"26":{"start":{"line":63,"column":1},"end":{"line":63,"column":null}}},"fnMap":{"0":{"name":"(anonymous_0)","decl":{"start":{"line":5,"column":20},"end":{"line":5,"column":26}},"loc":{"start":{"line":17,"column":6},"end":{"line":63,"column":1}}},"1":{"name":"(anonymous_1)","decl":{"start":{"line":44,"column":35},"end":{"line":44,"column":38}},"loc":{"start":{"line":44,"column":43},"end":{"line":52,"column":3}}},"2":{"name":"(anonymous_2)","decl":{"start":{"line":55,"column":24},"end":{"line":55,"column":30}},"loc":{"start":{"line":55,"column":30},"end":{"line":60,"column":3}}},"3":{"name":"(anonymous_3)","decl":{"start":{"line":56,"column":17},"end":{"line":56,"column":23}},"loc":{"start":{"line":56,"column":23},"end":{"line":59,"column":5}}}},"branchMap":{"0":{"loc":{"start":{"line":29,"column":16},"end":{"line":29,"column":55}},"type":"binary-expr","locations":[{"start":{"line":29,"column":16},"end":{"line":29,"column":40}},{"start":{"line":29,"column":44},"end":{"line":29,"column":55}}]},"1":{"loc":{"start":{"line":30,"column":9},"end":{"line":30,"column":29}},"type":"binary-expr","locations":[{"start":{"line":30,"column":9},"end":{"line":30,"column":21}},{"start":{"line":30,"column":25},"end":{"line":30,"column":29}}]},"2":{"loc":{"start":{"line":31,"column":16},"end":{"line":31,"column":54}},"type":"binary-expr","locations":[{"start":{"line":31,"column":16},"end":{"line":31,"column":39}},{"start":{"line":31,"column":43},"end":{"line":31,"column":54}}]},"3":{"loc":{"start":{"line":32,"column":16},"end":{"line":32,"column":54}},"type":"binary-expr","locations":[{"start":{"line":32,"column":16},"end":{"line":32,"column":39}},{"start":{"line":32,"column":43},"end":{"line":32,"column":54}}]},"4":{"loc":{"start":{"line":33,"column":9},"end":{"line":33,"column":29}},"type":"binary-expr","locations":[{"start":{"line":33,"column":9},"end":{"line":33,"column":21}},{"start":{"line":33,"column":25},"end":{"line":33,"column":29}}]},"5":{"loc":{"start":{"line":34,"column":15},"end":{"line":34,"column":51}},"type":"binary-expr","locations":[{"start":{"line":34,"column":15},"end":{"line":34,"column":37}},{"start":{"line":34,"column":41},"end":{"line":34,"column":51}}]},"6":{"loc":{"start":{"line":36,"column":13},"end":{"line":36,"column":39}},"type":"binary-expr","locations":[{"start":{"line":36,"column":13},"end":{"line":36,"column":21}},{"start":{"line":36,"column":25},"end":{"line":36,"column":39}}]},"7":{"loc":{"start":{"line":38,"column":2},"end":{"line":40,"column":null}},"type":"if","locations":[{"start":{"line":38,"column":2},"end":{"line":40,"column":null}}]},"8":{"loc":{"start":{"line":45,"column":4},"end":{"line":48,"column":5}},"type":"if","locations":[{"start":{"line":45,"column":4},"end":{"line":48,"column":5}}]}},"s":{"0":0,"1":0,"2":0,"3":0,"4":0,"5":0,"6":0,"7":0,"8":0,"9":0,"10":0,"11":0,"12":0,"13":0,"14":0,"15":0,"16":0,"17":0,"18":0,"19":0,"20":0,"21":0,"22":0,"23":0,"24":0,"25":0,"26":0},"f":{"0":0,"1":0,"2":0,"3":0},"b":{"0":[0,0],"1":[0,0],"2":[0,0],"3":[0,0],"4":[0,0],"5":[0,0],"6":[0,0],"7":[0],"8":[0]}}
,"/Users/zane/.liq/playground/liquid-labs/plugable-express/src/handlers/heartbeat.mjs": {"path":"/Users/zane/.liq/playground/liquid-labs/plugable-express/src/handlers/heartbeat.mjs","statementMap":{"0":{"start":{"line":1,"column":12},"end":{"line":1,"column":20}},"1":{"start":{"line":2,"column":10},"end":{"line":2,"column":17}},"2":{"start":{"line":3,"column":16},"end":{"line":3,"column":21}},"3":{"start":{"line":5,"column":13},"end":{"line":10,"column":1}},"4":{"start":{"line":5,"column":31},"end":{"line":10,"column":1}},"5":{"start":{"line":6,"column":2},"end":{"line":6,"column":null}},"6":{"start":{"line":7,"column":2},"end":{"line":7,"column":null}},"7":{"start":{"line":8,"column":2},"end":{"line":8,"column":null}},"8":{"start":{"line":10,"column":1},"end":{"line":10,"column":null}}},"fnMap":{"0":{"name":"(anonymous_0)","decl":{"start":{"line":5,"column":13},"end":{"line":5,"column":14}},"loc":{"start":{"line":5,"column":31},"end":{"line":10,"column":1}}},"1":{"name":"(anonymous_1)","decl":{"start":{"line":5,"column":31},"end":{"line":5,"column":32}},"loc":{"start":{"line":5,"column":45},"end":{"line":10,"column":1}}}},"branchMap":{},"s":{"0":4,"1":4,"2":4,"3":4,"4":5,"5":0,"6":0,"7":0,"8":4},"f":{"0":5,"1":0},"b":{}}
,"/Users/zane/.liq/playground/liquid-labs/plugable-express/src/handlers/index.js": {"path":"/Users/zane/.liq/playground/liquid-labs/plugable-express/src/handlers/index.js","statementMap":{"0":{"start":{"line":1,"column":0},"end":{"line":1,"column":null}},"1":{"start":{"line":2,"column":0},"end":{"line":2,"column":null}},"2":{"start":{"line":4,"column":0},"end":{"line":4,"column":40}},"3":{"start":{"line":4,"column":40},"end":{"line":4,"column":null}},"4":{"start":{"line":6,"column":14},"end":{"line":9,"column":null}}},"fnMap":{"0":{"name":"_getRequireWildcardCache","decl":{"start":{"line":4,"column":40},"end":{"line":4,"column":null}},"loc":{"start":{"line":4,"column":40},"end":{"line":4,"column":null}}}},"branchMap":{"0":{"loc":{"start":{"line":4,"column":40},"end":{"line":4,"column":null}},"type":"if","locations":[{"start":{"line":4,"column":40},"end":{"line":4,"column":null}}]},"1":{"loc":{"start":{"line":4,"column":40},"end":{"line":4,"column":null}},"type":"cond-expr","locations":[{"start":{"line":4,"column":40},"end":{"line":4,"column":null}},{"start":{"line":4,"column":40},"end":{"line":4,"column":null}}]},"2":{"loc":{"start":{"line":4,"column":40},"end":{"line":4,"column":null}},"type":"binary-expr","locations":[{"start":{"line":4,"column":40},"end":{"line":4,"column":null}},{"start":{"line":4,"column":40},"end":{"line":4,"column":null}},{"start":{"line":4,"column":40},"end":{"line":4,"column":null}}]}},"s":{"0":4,"1":4,"2":4,"3":8,"4":4},"f":{"0":4},"b":{"0":[4],"1":[0,0],"2":[4,4,4]}}
,"/Users/zane/.liq/playground/liquid-labs/plugable-express/src/handlers/help/help.mjs": {"path":"/Users/zane/.liq/playground/liquid-labs/plugable-express/src/handlers/help/help.mjs","statementMap":{"0":{"start":{"line":1,"column":0},"end":{"line":1,"column":null}},"1":{"start":{"line":3,"column":0},"end":{"line":3,"column":null}},"2":{"start":{"line":5,"column":12},"end":{"line":5,"column":20}},"3":{"start":{"line":6,"column":10},"end":{"line":6,"column":21}},"4":{"start":{"line":7,"column":16},"end":{"line":14,"column":null}},"5":{"start":{"line":16,"column":0},"end":{"line":16,"column":null}},"6":{"start":{"line":18,"column":13},"end":{"line":21,"column":1}},"7":{"start":{"line":23,"column":10},"end":{"line":23,"column":57}}},"fnMap":{},"branchMap":{},"s":{"0":4,"1":4,"2":4,"3":4,"4":4,"5":4,"6":4,"7":4},"f":{},"b":{}}
,"/Users/zane/.liq/playground/liquid-labs/plugable-express/src/handlers/help/index.mjs": {"path":"/Users/zane/.liq/playground/liquid-labs/plugable-express/src/handlers/help/index.mjs","statementMap":{"0":{"start":{"line":1,"column":0},"end":{"line":1,"column":30}},"1":{"start":{"line":1,"column":30},"end":{"line":1,"column":null}},"2":{"start":{"line":3,"column":14},"end":{"line":3,"column":23}}},"fnMap":{"0":{"name":"_getRequireWildcardCache","decl":{"start":{"line":1,"column":30},"end":{"line":1,"column":null}},"loc":{"start":{"line":1,"column":30},"end":{"line":1,"column":null}}}},"branchMap":{"0":{"loc":{"start":{"line":1,"column":30},"end":{"line":1,"column":null}},"type":"if","locations":[{"start":{"line":1,"column":30},"end":{"line":1,"column":null}}]},"1":{"loc":{"start":{"line":1,"column":30},"end":{"line":1,"column":null}},"type":"cond-expr","locations":[{"start":{"line":1,"column":30},"end":{"line":1,"column":null}},{"start":{"line":1,"column":30},"end":{"line":1,"column":null}}]},"2":{"loc":{"start":{"line":1,"column":30},"end":{"line":1,"column":null}},"type":"binary-expr","locations":[{"start":{"line":1,"column":30},"end":{"line":1,"column":null}},{"start":{"line":1,"column":30},"end":{"line":1,"column":null}},{"start":{"line":1,"column":30},"end":{"line":1,"column":null}}]}},"s":{"0":4,"1":8,"2":4},"f":{"0":4},"b":{"0":[4],"1":[0,0],"2":[4,4,4]}}
,"/Users/zane/.liq/playground/liquid-labs/plugable-express/src/handlers/help/lib/formatter-md.mjs": {"path":"/Users/zane/.liq/playground/liquid-labs/plugable-express/src/handlers/help/lib/formatter-md.mjs","statementMap":{"0":{"start":{"line":1,"column":0},"end":{"line":1,"column":null}},"1":{"start":{"line":3,"column":34},"end":{"line":17,"column":1}},"2":{"start":{"line":4,"column":15},"end":{"line":4,"column":59}},"3":{"start":{"line":5,"column":2},"end":{"line":5,"column":null}},"4":{"start":{"line":6,"column":15},"end":{"line":12,"column":18}},"5":{"start":{"line":13,"column":2},"end":{"line":13,"column":null}},"6":{"start":{"line":14,"column":2},"end":{"line":14,"column":null}},"7":{"start":{"line":14,"column":17},"end":{"line":14,"column":null}},"8":{"start":{"line":16,"column":2},"end":{"line":16,"column":null}},"9":{"start":{"line":19,"column":23},"end":{"line":56,"column":1}},"10":{"start":{"line":19,"column":49},"end":{"line":56,"column":1}},"11":{"start":{"line":20,"column":16},"end":{"line":20,"column":83}},"12":{"start":{"line":22,"column":2},"end":{"line":24,"column":null}},"13":{"start":{"line":23,"column":4},"end":{"line":23,"column":null}},"14":{"start":{"line":26,"column":2},"end":{"line":34,"column":null}},"15":{"start":{"line":27,"column":4},"end":{"line":27,"column":null}},"16":{"start":{"line":28,"column":4},"end":{"line":33,"column":null}},"17":{"start":{"line":29,"column":6},"end":{"line":29,"column":null}},"18":{"start":{"line":30,"column":6},"end":{"line":30,"column":null}},"19":{"start":{"line":31,"column":6},"end":{"line":31,"column":null}},"20":{"start":{"line":32,"column":6},"end":{"line":32,"column":null}},"21":{"start":{"line":36,"column":2},"end":{"line":39,"column":null}},"22":{"start":{"line":37,"column":4},"end":{"line":37,"column":null}},"23":{"start":{"line":38,"column":4},"end":{"line":38,"column":null}},"24":{"start":{"line":41,"column":2},"end":{"line":53,"column":null}},"25":{"start":{"line":42,"column":4},"end":{"line":42,"column":null}},"26":{"start":{"line":43,"column":4},"end":{"line":52,"column":null}},"27":{"start":{"line":44,"column":6},"end":{"line":49,"column":null}},"28":{"start":{"line":45,"column":8},"end":{"line":45,"column":null}},"29":{"start":{"line":48,"column":8},"end":{"line":48,"column":null}},"30":{"start":{"line":51,"column":6},"end":{"line":51,"column":null}},"31":{"start":{"line":55,"column":2},"end":{"line":55,"column":null}},"32":{"start":{"line":56,"column":1},"end":{"line":56,"column":null}}},"fnMap":{"0":{"name":"(anonymous_0)","decl":{"start":{"line":3,"column":34},"end":{"line":3,"column":35}},"loc":{"start":{"line":3,"column":40},"end":{"line":17,"column":1}}},"1":{"name":"(anonymous_1)","decl":{"start":{"line":19,"column":23},"end":{"line":19,"column":24}},"loc":{"start":{"line":19,"column":49},"end":{"line":56,"column":1}}},"2":{"name":"(anonymous_2)","decl":{"start":{"line":19,"column":49},"end":{"line":19,"column":50}},"loc":{"start":{"line":19,"column":122},"end":{"line":56,"column":1}}},"3":{"name":"(anonymous_3)","decl":{"start":{"line":28,"column":22},"end":{"line":28,"column":23}},"loc":{"start":{"line":28,"column":37},"end":{"line":33,"column":5}}},"4":{"name":"(anonymous_4)","decl":{"start":{"line":43,"column":22},"end":{"line":43,"column":23}},"loc":{"start":{"line":43,"column":37},"end":{"line":52,"column":5}}}},"branchMap":{"0":{"loc":{"start":{"line":4,"column":22},"end":{"line":4,"column":58}},"type":"cond-expr","locations":[{"start":{"line":4,"column":35},"end":{"line":4,"column":45}},{"start":{"line":4,"column":48},"end":{"line":4,"column":58}}]},"1":{"loc":{"start":{"line":5,"column":20},"end":{"line":5,"column":67}},"type":"cond-expr","locations":[{"start":{"line":5,"column":37},"end":{"line":5,"column":50}},{"start":{"line":5,"column":53},"end":{"line":5,"column":67}}]},"2":{"loc":{"start":{"line":6,"column":15},"end":{"line":12,"column":18}},"type":"cond-expr","locations":[{"start":{"line":7,"column":6},"end":{"line":7,"column":15}},{"start":{"line":8,"column":6},"end":{"line":12,"column":18}}]},"3":{"loc":{"start":{"line":8,"column":6},"end":{"line":12,"column":18}},"type":"cond-expr","locations":[{"start":{"line":9,"column":8},"end":{"line":9,"column":17}},{"start":{"line":10,"column":8},"end":{"line":12,"column":18}}]},"4":{"loc":{"start":{"line":10,"column":8},"end":{"line":12,"column":18}},"type":"cond-expr","locations":[{"start":{"line":11,"column":10},"end":{"line":11,"column":18}},{"start":{"line":12,"column":10},"end":{"line":12,"column":18}}]},"5":{"loc":{"start":{"line":14,"column":2},"end":{"line":14,"column":null}},"type":"if","locations":[{"start":{"line":14,"column":2},"end":{"line":14,"column":null}}]},"6":{"loc":{"start":{"line":19,"column":24},"end":{"line":19,"column":44}},"type":"default-arg","locations":[{"start":{"line":19,"column":42},"end":{"line":19,"column":44}}]},"7":{"loc":{"start":{"line":19,"column":26},"end":{"line":19,"column":38}},"type":"default-arg","locations":[{"start":{"line":19,"column":36},"end":{"line":19,"column":38}}]},"8":{"loc":{"start":{"line":20,"column":42},"end":{"line":20,"column":56}},"type":"binary-expr","locations":[{"start":{"line":20,"column":42},"end":{"line":20,"column":47}},{"start":{"line":20,"column":51},"end":{"line":20,"column":56}}]},"9":{"loc":{"start":{"line":22,"column":2},"end":{"line":24,"column":null}},"type":"if","locations":[{"start":{"line":22,"column":2},"end":{"line":24,"column":null}}]},"10":{"loc":{"start":{"line":26,"column":2},"end":{"line":34,"column":null}},"type":"if","locations":[{"start":{"line":26,"column":2},"end":{"line":34,"column":null}}]},"11":{"loc":{"start":{"line":36,"column":2},"end":{"line":39,"column":null}},"type":"if","locations":[{"start":{"line":36,"column":2},"end":{"line":39,"column":null}}]},"12":{"loc":{"start":{"line":41,"column":2},"end":{"line":53,"column":null}},"type":"if","locations":[{"start":{"line":41,"column":2},"end":{"line":53,"column":null}}]},"13":{"loc":{"start":{"line":44,"column":6},"end":{"line":49,"column":null}},"type":"if","locations":[{"start":{"line":44,"column":6},"end":{"line":49,"column":null}},{"start":{"line":47,"column":11},"end":{"line":49,"column":null}}]},"14":{"loc":{"start":{"line":45,"column":49},"end":{"line":45,"column":90}},"type":"cond-expr","locations":[{"start":{"line":45,"column":66},"end":{"line":45,"column":85}},{"start":{"line":45,"column":88},"end":{"line":45,"column":90}}]},"15":{"loc":{"start":{"line":48,"column":37},"end":{"line":48,"column":78}},"type":"cond-expr","locations":[{"start":{"line":48,"column":54},"end":{"line":48,"column":73}},{"start":{"line":48,"column":76},"end":{"line":48,"column":78}}]}},"s":{"0":4,"1":4,"2":0,"3":0,"4":0,"5":0,"6":0,"7":0,"8":0,"9":4,"10":0,"11":0,"12":0,"13":0,"14":0,"15":0,"16":0,"17":0,"18":0,"19":0,"20":0,"21":0,"22":0,"23":0,"24":0,"25":0,"26":0,"27":0,"28":0,"29":0,"30":0,"31":0,"32":4},"f":{"0":0,"1":0,"2":0,"3":0,"4":0},"b":{"0":[0,0],"1":[0,0],"2":[0,0],"3":[0,0],"4":[0,0],"5":[0],"6":[0],"7":[0],"8":[0,0],"9":[0],"10":[0],"11":[0],"12":[0],"13":[0,0],"14":[0,0],"15":[0,0]}}
,"/Users/zane/.liq/playground/liquid-labs/plugable-express/src/handlers/help/lib/formatter-terminal.mjs": {"path":"/Users/zane/.liq/playground/liquid-labs/plugable-express/src/handlers/help/lib/formatter-terminal.mjs","statementMap":{"0":{"start":{"line":2,"column":34},"end":{"line":16,"column":1}},"1":{"start":{"line":3,"column":17},"end":{"line":3,"column":86}},"2":{"start":{"line":4,"column":2},"end":{"line":4,"column":null}},"3":{"start":{"line":5,"column":15},"end":{"line":11,"column":18}},"4":{"start":{"line":12,"column":2},"end":{"line":12,"column":null}},"5":{"start":{"line":13,"column":2},"end":{"line":13,"column":null}},"6":{"start":{"line":15,"column":2},"end":{"line":15,"column":null}},"7":{"start":{"line":18,"column":15},"end":{"line":18,"column":16}},"8":{"start":{"line":19,"column":29},"end":{"line":59,"column":1}},"9":{"start":{"line":20,"column":16},"end":{"line":20,"column":39}},"10":{"start":{"line":20,"column":25},"end":{"line":20,"column":39}},"11":{"start":{"line":22,"column":2},"end":{"line":58,"column":null}},"12":{"start":{"line":23,"column":67},"end":{"line":23,"column":71}},"13":{"start":{"line":25,"column":18},"end":{"line":25,"column":67}},"14":{"start":{"line":27,"column":4},"end":{"line":29,"column":null}},"15":{"start":{"line":28,"column":6},"end":{"line":28,"column":null}},"16":{"start":{"line":31,"column":4},"end":{"line":40,"column":null}},"17":{"start":{"line":32,"column":6},"end":{"line":32,"column":null}},"18":{"start":{"line":33,"column":6},"end":{"line":38,"column":null}},"19":{"start":{"line":34,"column":8},"end":{"line":34,"column":null}},"20":{"start":{"line":35,"column":8},"end":{"line":35,"column":null}},"21":{"start":{"line":36,"column":8},"end":{"line":36,"column":null}},"22":{"start":{"line":37,"column":8},"end":{"line":37,"column":null}},"23":{"start":{"line":39,"column":6},"end":{"line":39,"column":null}},"24":{"start":{"line":42,"column":4},"end":{"line":45,"column":null}},"25":{"start":{"line":43,"column":6},"end":{"line":43,"column":null}},"26":{"start":{"line":44,"column":6},"end":{"line":44,"column":null}},"27":{"start":{"line":47,"column":4},"end":{"line":53,"column":null}},"28":{"start":{"line":48,"column":6},"end":{"line":48,"column":null}},"29":{"start":{"line":49,"column":6},"end":{"line":52,"column":null}},"30":{"start":{"line":50,"column":8},"end":{"line":50,"column":null}},"31":{"start":{"line":51,"column":8},"end":{"line":51,"column":null}},"32":{"start":{"line":55,"column":4},"end":{"line":55,"column":null}},"33":{"start":{"line":57,"column":4},"end":{"line":57,"column":null}},"34":{"start":{"line":59,"column":1},"end":{"line":59,"column":null}}},"fnMap":{"0":{"name":"(anonymous_0)","decl":{"start":{"line":2,"column":34},"end":{"line":2,"column":35}},"loc":{"start":{"line":2,"column":40},"end":{"line":16,"column":1}}},"1":{"name":"(anonymous_1)","decl":{"start":{"line":19,"column":29},"end":{"line":19,"column":30}},"loc":{"start":{"line":19,"column":55},"end":{"line":59,"column":1}}},"2":{"name":"(anonymous_2)","decl":{"start":{"line":20,"column":16},"end":{"line":20,"column":20}},"loc":{"start":{"line":20,"column":25},"end":{"line":20,"column":39}}},"3":{"name":"(anonymous_3)","decl":{"start":{"line":22,"column":9},"end":{"line":22,"column":10}},"loc":{"start":{"line":22,"column":45},"end":{"line":58,"column":3}}},"4":{"name":"(anonymous_4)","decl":{"start":{"line":33,"column":34},"end":{"line":33,"column":35}},"loc":{"start":{"line":33,"column":49},"end":{"line":38,"column":7}}},"5":{"name":"(anonymous_5)","decl":{"start":{"line":49,"column":24},"end":{"line":49,"column":25}},"loc":{"start":{"line":49,"column":39},"end":{"line":52,"column":7}}}},"branchMap":{"0":{"loc":{"start":{"line":3,"column":28},"end":{"line":3,"column":85}},"type":"cond-expr","locations":[{"start":{"line":3,"column":41},"end":{"line":3,"column":72}},{"start":{"line":3,"column":75},"end":{"line":3,"column":85}}]},"1":{"loc":{"start":{"line":4,"column":22},"end":{"line":4,"column":69}},"type":"cond-expr","locations":[{"start":{"line":4,"column":39},"end":{"line":4,"column":52}},{"start":{"line":4,"column":55},"end":{"line":4,"column":69}}]},"2":{"loc":{"start":{"line":5,"column":15},"end":{"line":11,"column":18}},"type":"cond-expr","locations":[{"start":{"line":6,"column":6},"end":{"line":6,"column":15}},{"start":{"line":7,"column":6},"end":{"line":11,"column":18}}]},"3":{"loc":{"start":{"line":7,"column":6},"end":{"line":11,"column":18}},"type":"cond-expr","locations":[{"start":{"line":8,"column":8},"end":{"line":8,"column":17}},{"start":{"line":9,"column":8},"end":{"line":11,"column":18}}]},"4":{"loc":{"start":{"line":9,"column":8},"end":{"line":11,"column":18}},"type":"cond-expr","locations":[{"start":{"line":10,"column":10},"end":{"line":10,"column":18}},{"start":{"line":11,"column":10},"end":{"line":11,"column":18}}]},"5":{"loc":{"start":{"line":13,"column":14},"end":{"line":13,"column":58}},"type":"cond-expr","locations":[{"start":{"line":13,"column":26},"end":{"line":13,"column":53}},{"start":{"line":13,"column":56},"end":{"line":13,"column":58}}]},"6":{"loc":{"start":{"line":19,"column":30},"end":{"line":19,"column":50}},"type":"default-arg","locations":[{"start":{"line":19,"column":48},"end":{"line":19,"column":50}}]},"7":{"loc":{"start":{"line":19,"column":32},"end":{"line":19,"column":44}},"type":"default-arg","locations":[{"start":{"line":19,"column":42},"end":{"line":19,"column":44}}]},"8":{"loc":{"start":{"line":27,"column":4},"end":{"line":29,"column":null}},"type":"if","locations":[{"start":{"line":27,"column":4},"end":{"line":29,"column":null}}]},"9":{"loc":{"start":{"line":31,"column":4},"end":{"line":40,"column":null}},"type":"if","locations":[{"start":{"line":31,"column":4},"end":{"line":40,"column":null}}]},"10":{"loc":{"start":{"line":42,"column":4},"end":{"line":45,"column":null}},"type":"if","locations":[{"start":{"line":42,"column":4},"end":{"line":45,"column":null}}]},"11":{"loc":{"start":{"line":47,"column":4},"end":{"line":53,"column":null}},"type":"if","locations":[{"start":{"line":47,"column":4},"end":{"line":53,"column":null}}]},"12":{"loc":{"start":{"line":50,"column":41},"end":{"line":50,"column":67}},"type":"cond-expr","locations":[{"start":{"line":50,"column":57},"end":{"line":50,"column":61}},{"start":{"line":50,"column":64},"end":{"line":50,"column":67}}]},"13":{"loc":{"start":{"line":50,"column":85},"end":{"line":50,"column":110}},"type":"cond-expr","locations":[{"start":{"line":50,"column":101},"end":{"line":50,"column":104}},{"start":{"line":50,"column":107},"end":{"line":50,"column":110}}]}},"s":{"0":4,"1":0,"2":0,"3":0,"4":0,"5":0,"6":0,"7":4,"8":4,"9":0,"10":0,"11":0,"12":0,"13":0,"14":0,"15":0,"16":0,"17":0,"18":0,"19":0,"20":0,"21":0,"22":0,"23":0,"24":0,"25":0,"26":0,"27":0,"28":0,"29":0,"30":0,"31":0,"32":0,"33":0,"34":4},"f":{"0":0,"1":0,"2":0,"3":0,"4":0,"5":0},"b":{"0":[0,0],"1":[0,0],"2":[0,0],"3":[0,0],"4":[0,0],"5":[0,0],"6":[0],"7":[0],"8":[0],"9":[0],"10":[0],"11":[0],"12":[0,0],"13":[0,0]}}
,"/Users/zane/.liq/playground/liquid-labs/plugable-express/src/handlers/help/lib/formatter-text.mjs": {"path":"/Users/zane/.liq/playground/liquid-labs/plugable-express/src/handlers/help/lib/formatter-text.mjs","statementMap":{"0":{"start":{"line":1,"column":0},"end":{"line":1,"column":null}},"1":{"start":{"line":4,"column":34},"end":{"line":18,"column":1}},"2":{"start":{"line":5,"column":15},"end":{"line":5,"column":51}},"3":{"start":{"line":6,"column":2},"end":{"line":6,"column":null}},"4":{"start":{"line":7,"column":15},"end":{"line":13,"column":18}},"5":{"start":{"line":14,"column":2},"end":{"line":14,"column":null}},"6":{"start":{"line":15,"column":2},"end":{"line":15,"column":null}},"7":{"start":{"line":15,"column":17},"end":{"line":15,"column":null}},"8":{"start":{"line":17,"column":2},"end":{"line":17,"column":null}},"9":{"start":{"line":20,"column":22},"end":{"line":52,"column":1}},"10":{"start":{"line":21,"column":16},"end":{"line":21,"column":57}},"11":{"start":{"line":23,"column":2},"end":{"line":25,"column":null}},"12":{"start":{"line":24,"column":4},"end":{"line":24,"column":null}},"13":{"start":{"line":27,"column":2},"end":{"line":36,"column":null}},"14":{"start":{"line":28,"column":4},"end":{"line":28,"column":null}},"15":{"start":{"line":29,"column":4},"end":{"line":35,"column":null}},"16":{"start":{"line":30,"column":6},"end":{"line":30,"column":null}},"17":{"start":{"line":31,"column":6},"end":{"line":31,"column":null}},"18":{"start":{"line":32,"column":6},"end":{"line":32,"column":null}},"19":{"start":{"line":34,"column":6},"end":{"line":34,"column":null}},"20":{"start":{"line":38,"column":2},"end":{"line":41,"column":null}},"21":{"start":{"line":39,"column":4},"end":{"line":39,"column":null}},"22":{"start":{"line":40,"column":4},"end":{"line":40,"column":null}},"23":{"start":{"line":43,"column":2},"end":{"line":49,"column":null}},"24":{"start":{"line":44,"column":4},"end":{"line":44,"column":null}},"25":{"start":{"line":45,"column":4},"end":{"line":48,"column":null}},"26":{"start":{"line":46,"column":6},"end":{"line":46,"column":null}},"27":{"start":{"line":47,"column":6},"end":{"line":47,"column":null}},"28":{"start":{"line":51,"column":2},"end":{"line":51,"column":null}},"29":{"start":{"line":52,"column":1},"end":{"line":52,"column":null}}},"fnMap":{"0":{"name":"(anonymous_0)","decl":{"start":{"line":4,"column":34},"end":{"line":4,"column":35}},"loc":{"start":{"line":4,"column":40},"end":{"line":18,"column":1}}},"1":{"name":"(anonymous_1)","decl":{"start":{"line":20,"column":22},"end":{"line":20,"column":23}},"loc":{"start":{"line":20,"column":95},"end":{"line":52,"column":1}}},"2":{"name":"(anonymous_2)","decl":{"start":{"line":29,"column":22},"end":{"line":29,"column":23}},"loc":{"start":{"line":29,"column":37},"end":{"line":35,"column":5}}},"3":{"name":"(anonymous_3)","decl":{"start":{"line":45,"column":22},"end":{"line":45,"column":23}},"loc":{"start":{"line":45,"column":37},"end":{"line":48,"column":5}}}},"branchMap":{"0":{"loc":{"start":{"line":5,"column":15},"end":{"line":5,"column":51}},"type":"cond-expr","locations":[{"start":{"line":5,"column":28},"end":{"line":5,"column":38}},{"start":{"line":5,"column":41},"end":{"line":5,"column":51}}]},"1":{"loc":{"start":{"line":6,"column":20},"end":{"line":6,"column":67}},"type":"cond-expr","locations":[{"start":{"line":6,"column":37},"end":{"line":6,"column":50}},{"start":{"line":6,"column":53},"end":{"line":6,"column":67}}]},"2":{"loc":{"start":{"line":7,"column":15},"end":{"line":13,"column":18}},"type":"cond-expr","locations":[{"start":{"line":8,"column":6},"end":{"line":8,"column":15}},{"start":{"line":9,"column":6},"end":{"line":13,"column":18}}]},"3":{"loc":{"start":{"line":9,"column":6},"end":{"line":13,"column":18}},"type":"cond-expr","locations":[{"start":{"line":10,"column":8},"end":{"line":10,"column":17}},{"start":{"line":11,"column":8},"end":{"line":13,"column":18}}]},"4":{"loc":{"start":{"line":11,"column":8},"end":{"line":13,"column":18}},"type":"cond-expr","locations":[{"start":{"line":12,"column":10},"end":{"line":12,"column":18}},{"start":{"line":13,"column":10},"end":{"line":13,"column":18}}]},"5":{"loc":{"start":{"line":15,"column":2},"end":{"line":15,"column":null}},"type":"if","locations":[{"start":{"line":15,"column":2},"end":{"line":15,"column":null}}]},"6":{"loc":{"start":{"line":21,"column":18},"end":{"line":21,"column":32}},"type":"binary-expr","locations":[{"start":{"line":21,"column":18},"end":{"line":21,"column":23}},{"start":{"line":21,"column":27},"end":{"line":21,"column":32}}]},"7":{"loc":{"start":{"line":23,"column":2},"end":{"line":25,"column":null}},"type":"if","locations":[{"start":{"line":23,"column":2},"end":{"line":25,"column":null}}]},"8":{"loc":{"start":{"line":27,"column":2},"end":{"line":36,"column":null}},"type":"if","locations":[{"start":{"line":27,"column":2},"end":{"line":36,"column":null}}]},"9":{"loc":{"start":{"line":38,"column":2},"end":{"line":41,"column":null}},"type":"if","locations":[{"start":{"line":38,"column":2},"end":{"line":41,"column":null}}]},"10":{"loc":{"start":{"line":43,"column":2},"end":{"line":49,"column":null}},"type":"if","locations":[{"start":{"line":43,"column":2},"end":{"line":49,"column":null}}]},"11":{"loc":{"start":{"line":46,"column":30},"end":{"line":46,"column":56}},"type":"cond-expr","locations":[{"start":{"line":46,"column":46},"end":{"line":46,"column":50}},{"start":{"line":46,"column":53},"end":{"line":46,"column":56}}]},"12":{"loc":{"start":{"line":46,"column":74},"end":{"line":46,"column":99}},"type":"cond-expr","locations":[{"start":{"line":46,"column":90},"end":{"line":46,"column":93}},{"start":{"line":46,"column":96},"end":{"line":46,"column":99}}]}},"s":{"0":4,"1":4,"2":0,"3":0,"4":0,"5":0,"6":0,"7":0,"8":0,"9":4,"10":0,"11":0,"12":0,"13":0,"14":0,"15":0,"16":0,"17":0,"18":0,"19":0,"20":0,"21":0,"22":0,"23":0,"24":0,"25":0,"26":0,"27":0,"28":0,"29":4},"f":{"0":0,"1":0,"2":0,"3":0},"b":{"0":[0,0],"1":[0,0],"2":[0,0],"3":[0,0],"4":[0,0],"5":[0],"6":[0,0],"7":[0],"8":[0],"9":[0],"10":[0],"11":[0,0],"12":[0,0]}}
,"/Users/zane/.liq/playground/liquid-labs/plugable-express/src/handlers/help/lib/print-path.mjs": {"path":"/Users/zane/.liq/playground/liquid-labs/plugable-express/src/handlers/help/lib/print-path.mjs","statementMap":{"0":{"start":{"line":1,"column":19},"end":{"line":1,"column":94}},"1":{"start":{"line":1,"column":28},"end":{"line":1,"column":94}},"2":{"start":{"line":1,"column":56},"end":{"line":1,"column":77}},"3":{"start":{"line":1,"column":94},"end":{"line":1,"column":null}}},"fnMap":{"0":{"name":"(anonymous_0)","decl":{"start":{"line":1,"column":19},"end":{"line":1,"column":23}},"loc":{"start":{"line":1,"column":28},"end":{"line":1,"column":94}}},"1":{"name":"(anonymous_1)","decl":{"start":{"line":1,"column":51},"end":{"line":1,"column":52}},"loc":{"start":{"line":1,"column":56},"end":{"line":1,"column":77}}}},"branchMap":{"0":{"loc":{"start":{"line":1,"column":35},"end":{"line":1,"column":93}},"type":"cond-expr","locations":[{"start":{"line":1,"column":42},"end":{"line":1,"column":88}},{"start":{"line":1,"column":91},"end":{"line":1,"column":93}}]}},"s":{"0":4,"1":0,"2":0,"3":4},"f":{"0":0,"1":0},"b":{"0":[0,0]}}
,"/Users/zane/.liq/playground/liquid-labs/plugable-express/src/handlers/help/lib/send-help.mjs": {"path":"/Users/zane/.liq/playground/liquid-labs/plugable-express/src/handlers/help/lib/send-help.mjs","statementMap":{"0":{"start":{"line":1,"column":0},"end":{"line":1,"column":null}},"1":{"start":{"line":3,"column":0},"end":{"line":3,"column":null}},"2":{"start":{"line":4,"column":0},"end":{"line":4,"column":null}},"3":{"start":{"line":5,"column":0},"end":{"line":5,"column":null}},"4":{"start":{"line":7,"column":22},"end":{"line":7,"column":94}},"5":{"start":{"line":8,"column":26},"end":{"line":8,"column":39}},"6":{"start":{"line":10,"column":17},"end":{"line":32,"column":1}},"7":{"start":{"line":11,"column":27},"end":{"line":11,"column":42}},"8":{"start":{"line":12,"column":2},"end":{"line":12,"column":null}},"9":{"start":{"line":12,"column":34},"end":{"line":12,"column":62}},"10":{"start":{"line":14,"column":15},"end":{"line":29,"column":3}},"11":{"start":{"line":14,"column":40},"end":{"line":29,"column":3}},"12":{"start":{"line":15,"column":4},"end":{"line":28,"column":null}},"13":{"start":{"line":31,"column":2},"end":{"line":31,"column":null}},"14":{"start":{"line":32,"column":1},"end":{"line":32,"column":null}}},"fnMap":{"0":{"name":"(anonymous_0)","decl":{"start":{"line":10,"column":17},"end":{"line":10,"column":18}},"loc":{"start":{"line":10,"column":57},"end":{"line":32,"column":1}}},"1":{"name":"(anonymous_1)","decl":{"start":{"line":12,"column":24},"end":{"line":12,"column":25}},"loc":{"start":{"line":12,"column":34},"end":{"line":12,"column":62}}},"2":{"name":"(anonymous_2)","decl":{"start":{"line":14,"column":15},"end":{"line":14,"column":16}},"loc":{"start":{"line":14,"column":40},"end":{"line":29,"column":3}}},"3":{"name":"(anonymous_3)","decl":{"start":{"line":14,"column":40},"end":{"line":14,"column":41}},"loc":{"start":{"line":14,"column":60},"end":{"line":29,"column":3}}}},"branchMap":{},"s":{"0":4,"1":4,"2":4,"3":4,"4":4,"5":4,"6":4,"7":39,"8":39,"9":112,"10":39,"11":40,"12":0,"13":39,"14":4},"f":{"0":39,"1":112,"2":40,"3":0},"b":{}}
,"/Users/zane/.liq/playground/liquid-labs/plugable-express/src/handlers/server/api.mjs": {"path":"/Users/zane/.liq/playground/liquid-labs/plugable-express/src/handlers/server/api.mjs","statementMap":{"0":{"start":{"line":1,"column":12},"end":{"line":1,"column":20}},"1":{"start":{"line":2,"column":10},"end":{"line":2,"column":30}},"2":{"start":{"line":3,"column":16},"end":{"line":3,"column":21}},"3":{"start":{"line":5,"column":13},"end":{"line":7,"column":1}},"4":{"start":{"line":5,"column":26},"end":{"line":7,"column":1}},"5":{"start":{"line":6,"column":2},"end":{"line":6,"column":null}},"6":{"start":{"line":7,"column":1},"end":{"line":7,"column":null}}},"fnMap":{"0":{"name":"(anonymous_0)","decl":{"start":{"line":5,"column":13},"end":{"line":5,"column":14}},"loc":{"start":{"line":5,"column":26},"end":{"line":7,"column":1}}},"1":{"name":"(anonymous_1)","decl":{"start":{"line":5,"column":26},"end":{"line":5,"column":27}},"loc":{"start":{"line":5,"column":40},"end":{"line":7,"column":1}}}},"branchMap":{},"s":{"0":4,"1":4,"2":4,"3":4,"4":5,"5":1,"6":4},"f":{"0":5,"1":1},"b":{}}
,"/Users/zane/.liq/playground/liquid-labs/plugable-express/src/handlers/server/index.mjs": {"path":"/Users/zane/.liq/playground/liquid-labs/plugable-express/src/handlers/server/index.mjs","statementMap":{"0":{"start":{"line":1,"column":0},"end":{"line":1,"column":null}},"1":{"start":{"line":2,"column":0},"end":{"line":2,"column":null}},"2":{"start":{"line":4,"column":0},"end":{"line":4,"column":null}},"3":{"start":{"line":5,"column":0},"end":{"line":5,"column":null}},"4":{"start":{"line":6,"column":0},"end":{"line":6,"column":null}},"5":{"start":{"line":7,"column":0},"end":{"line":7,"column":null}},"6":{"start":{"line":8,"column":0},"end":{"line":8,"column":36}},"7":{"start":{"line":8,"column":36},"end":{"line":8,"column":null}},"8":{"start":{"line":10,"column":0},"end":{"line":10,"column":null}}},"fnMap":{"0":{"name":"_getRequireWildcardCache","decl":{"start":{"line":8,"column":36},"end":{"line":8,"column":null}},"loc":{"start":{"line":8,"column":36},"end":{"line":8,"column":null}}}},"branchMap":{"0":{"loc":{"start":{"line":8,"column":36},"end":{"line":8,"column":null}},"type":"if","locations":[{"start":{"line":8,"column":36},"end":{"line":8,"column":null}}]},"1":{"loc":{"start":{"line":8,"column":36},"end":{"line":8,"column":null}},"type":"cond-expr","locations":[{"start":{"line":8,"column":36},"end":{"line":8,"column":null}},{"start":{"line":8,"column":36},"end":{"line":8,"column":null}}]},"2":{"loc":{"start":{"line":8,"column":36},"end":{"line":8,"column":null}},"type":"binary-expr","locations":[{"start":{"line":8,"column":36},"end":{"line":8,"column":null}},{"start":{"line":8,"column":36},"end":{"line":8,"column":null}},{"start":{"line":8,"column":36},"end":{"line":8,"column":null}}]}},"s":{"0":4,"1":4,"2":4,"3":4,"4":4,"5":4,"6":4,"7":40,"8":4},"f":{"0":20},"b":{"0":[20],"1":[0,0],"2":[20,20,20]}}
,"/Users/zane/.liq/playground/liquid-labs/plugable-express/src/handlers/server/next-commands.mjs": {"path":"/Users/zane/.liq/playground/liquid-labs/plugable-express/src/handlers/server/next-commands.mjs","statementMap":{"0":{"start":{"line":1,"column":0},"end":{"line":1,"column":null}},"1":{"start":{"line":3,"column":12},"end":{"line":3,"column":20}},"2":{"start":{"line":4,"column":10},"end":{"line":4,"column":40}},"3":{"start":{"line":5,"column":16},"end":{"line":9,"column":null}},"4":{"start":{"line":12,"column":18},"end":{"line":12,"column":21}},"5":{"start":{"line":13,"column":18},"end":{"line":13,"column":21}},"6":{"start":{"line":15,"column":13},"end":{"line":163,"column":1}},"7":{"start":{"line":15,"column":40},"end":{"line":163,"column":1}},"8":{"start":{"line":16,"column":2},"end":{"line":162,"column":null}},"9":{"start":{"line":17,"column":19},"end":{"line":17,"column":48}},"10":{"start":{"line":18,"column":30},"end":{"line":18,"column":39}},"11":{"start":{"line":20,"column":40},"end":{"line":20,"column":65}},"12":{"start":{"line":22,"column":19},"end":{"line":22,"column":39}},"13":{"start":{"line":23,"column":23},"end":{"line":23,"column":25}},"14":{"start":{"line":24,"column":25},"end":{"line":24,"column":27}},"15":{"start":{"line":27,"column":23},"end":{"line":27,"column":47}},"16":{"start":{"line":28,"column":23},"end":{"line":28,"column":47}},"17":{"start":{"line":29,"column":4},"end":{"line":40,"column":null}},"18":{"start":{"line":30,"column":6},"end":{"line":30,"column":null}},"19":{"start":{"line":31,"column":6},"end":{"line":31,"column":null}},"20":{"start":{"line":32,"column":6},"end":{"line":34,"column":null}},"21":{"start":{"line":33,"column":8},"end":{"line":33,"column":25}},"22":{"start":{"line":37,"column":6},"end":{"line":37,"column":null}},"23":{"start":{"line":38,"column":6},"end":{"line":38,"column":null}},"24":{"start":{"line":39,"column":6},"end":{"line":39,"column":23}},"25":{"start":{"line":41,"column":4},"end":{"line":43,"column":null}},"26":{"start":{"line":42,"column":6},"end":{"line":42,"column":null}},"27":{"start":{"line":45,"column":32},"end":{"line":45,"column":36}},"28":{"start":{"line":47,"column":4},"end":{"line":101,"column":null}},"29":{"start":{"line":48,"column":6},"end":{"line":48,"column":null}},"30":{"start":{"line":49,"column":25},"end":{"line":49,"column":61}},"31":{"start":{"line":50,"column":6},"end":{"line":50,"column":34}},"32":{"start":{"line":50,"column":29},"end":{"line":50,"column":34}},"33":{"start":{"line":52,"column":6},"end":{"line":52,"column":null}},"34":{"start":{"line":53,"column":6},"end":{"line":100,"column":null}},"35":{"start":{"line":54,"column":8},"end":{"line":54,"column":null}},"36":{"start":{"line":58,"column":39},"end":{"line":58,"column":43}},"37":{"start":{"line":59,"column":8},"end":{"line":84,"column":null}},"38":{"start":{"line":60,"column":10},"end":{"line":83,"column":null}},"39":{"start":{"line":65,"column":12},"end":{"line":65,"column":null}},"40":{"start":{"line":66,"column":28},"end":{"line":66,"column":41}},"41":{"start":{"line":67,"column":12},"end":{"line":67,"column":47}},"42":{"start":{"line":68,"column":34},"end":{"line":68,"column":64}},"43":{"start":{"line":69,"column":52},"end":{"line":69,"column":65}},"44":{"start":{"line":70,"column":28},"end":{"line":70,"column":99}},"45":{"start":{"line":71,"column":12},"end":{"line":71,"column":null}},"46":{"start":{"line":71,"column":33},"end":{"line":71,"column":null}},"47":{"start":{"line":72,"column":12},"end":{"line":72,"column":null}},"48":{"start":{"line":72,"column":39},"end":{"line":72,"column":null}},"49":{"start":{"line":74,"column":12},"end":{"line":82,"column":null}},"50":{"start":{"line":77,"column":14},"end":{"line":77,"column":null}},"51":{"start":{"line":78,"column":14},"end":{"line":78,"column":19}},"52":{"start":{"line":81,"column":14},"end":{"line":81,"column":null}},"53":{"start":{"line":86,"column":8},"end":{"line":99,"column":null}},"54":{"start":{"line":87,"column":10},"end":{"line":98,"column":null}},"55":{"start":{"line":88,"column":12},"end":{"line":88,"column":null}},"56":{"start":{"line":91,"column":12},"end":{"line":96,"column":null}},"57":{"start":{"line":93,"column":14},"end":{"line":93,"column":38}},"58":{"start":{"line":93,"column":38},"end":{"line":93,"column":null}},"59":{"start":{"line":95,"column":14},"end":{"line":95,"column":null}},"60":{"start":{"line":97,"column":12},"end":{"line":97,"column":null}},"61":{"start":{"line":104,"column":4},"end":{"line":153,"column":null}},"62":{"start":{"line":105,"column":6},"end":{"line":105,"column":null}},"63":{"start":{"line":105,"column":78},"end":{"line":105,"column":113}},"64":{"start":{"line":108,"column":25},"end":{"line":108,"column":30}},"65":{"start":{"line":109,"column":6},"end":{"line":131,"column":null}},"66":{"start":{"line":111,"column":10},"end":{"line":111,"column":null}},"67":{"start":{"line":112,"column":10},"end":{"line":127,"column":null}},"68":{"start":{"line":113,"column":34},"end":{"line":113,"column":67}},"69":{"start":{"line":114,"column":39},"end":{"line":114,"column":52}},"70":{"start":{"line":115,"column":24},"end":{"line":115,"column":92}},"71":{"start":{"line":116,"column":12},"end":{"line":116,"column":null}},"72":{"start":{"line":116,"column":29},"end":{"line":116,"column":null}},"73":{"start":{"line":117,"column":12},"end":{"line":117,"column":null}},"74":{"start":{"line":122,"column":15},"end":{"line":127,"column":null}},"75":{"start":{"line":123,"column":12},"end":{"line":123,"column":null}},"76":{"start":{"line":125,"column":15},"end":{"line":127,"column":null}},"77":{"start":{"line":126,"column":12},"end":{"line":126,"column":null}},"78":{"start":{"line":130,"column":10},"end":{"line":130,"column":null}},"79":{"start":{"line":133,"column":6},"end":{"line":133,"column":26}},"80":{"start":{"line":135,"column":22},"end":{"line":135,"column":86}},"81":{"start":{"line":136,"column":6},"end":{"line":152,"column":null}},"82":{"start":{"line":137,"column":8},"end":{"line":148,"column":null}},"83":{"start":{"line":150,"column":11},"end":{"line":152,"column":null}},"84":{"start":{"line":151,"column":8},"end":{"line":151,"column":null}},"85":{"start":{"line":155,"column":4},"end":{"line":160,"column":null}},"86":{"start":{"line":157,"column":6},"end":{"line":157,"column":53}},"87":{"start":{"line":157,"column":53},"end":{"line":157,"column":null}},"88":{"start":{"line":159,"column":6},"end":{"line":159,"column":null}},"89":{"start":{"line":162,"column":14},"end":{"line":162,"column":32}},"90":{"start":{"line":162,"column":32},"end":{"line":162,"column":40}},"91":{"start":{"line":163,"column":1},"end":{"line":163,"column":null}}},"fnMap":{"0":{"name":"(anonymous_0)","decl":{"start":{"line":15,"column":13},"end":{"line":15,"column":14}},"loc":{"start":{"line":15,"column":40},"end":{"line":163,"column":1}}},"1":{"name":"(anonymous_1)","decl":{"start":{"line":15,"column":40},"end":{"line":15,"column":46}},"loc":{"start":{"line":15,"column":59},"end":{"line":163,"column":1}}},"2":{"name":"(anonymous_2)","decl":{"start":{"line":105,"column":72},"end":{"line":105,"column":73}},"loc":{"start":{"line":105,"column":78},"end":{"line":105,"column":113}}},"3":{"name":"(anonymous_3)","decl":{"start":{"line":110,"column":16},"end":{"line":110,"column":22}},"loc":{"start":{"line":110,"column":33},"end":{"line":131,"column":9}}}},"branchMap":{"0":{"loc":{"start":{"line":18,"column":12},"end":{"line":18,"column":26}},"type":"default-arg","locations":[{"start":{"line":18,"column":22},"end":{"line":18,"column":26}}]},"1":{"loc":{"start":{"line":29,"column":4},"end":{"line":40,"column":null}},"type":"if","locations":[{"start":{"line":29,"column":4},"end":{"line":40,"column":null}},{"start":{"line":36,"column":9},"end":{"line":40,"column":null}}]},"2":{"loc":{"start":{"line":29,"column":8},"end":{"line":29,"column":89}},"type":"binary-expr","locations":[{"start":{"line":29,"column":8},"end":{"line":29,"column":39}},{"start":{"line":29,"column":44},"end":{"line":29,"column":61}},{"start":{"line":29,"column":65},"end":{"line":29,"column":89}}]},"3":{"loc":{"start":{"line":32,"column":6},"end":{"line":34,"column":null}},"type":"if","locations":[{"start":{"line":32,"column":6},"end":{"line":34,"column":null}}]},"4":{"loc":{"start":{"line":32,"column":10},"end":{"line":32,"column":74}},"type":"binary-expr","locations":[{"start":{"line":32,"column":10},"end":{"line":32,"column":31}},{"start":{"line":32,"column":35},"end":{"line":32,"column":74}}]},"5":{"loc":{"start":{"line":41,"column":4},"end":{"line":43,"column":null}},"type":"if","locations":[{"start":{"line":41,"column":4},"end":{"line":43,"column":null}}]},"6":{"loc":{"start":{"line":50,"column":6},"end":{"line":50,"column":34}},"type":"if","locations":[{"start":{"line":50,"column":6},"end":{"line":50,"column":34}}]},"7":{"loc":{"start":{"line":53,"column":6},"end":{"line":100,"column":null}},"type":"if","locations":[{"start":{"line":53,"column":6},"end":{"line":100,"column":null}},{"start":{"line":56,"column":11},"end":{"line":100,"column":null}}]},"8":{"loc":{"start":{"line":60,"column":10},"end":{"line":83,"column":null}},"type":"if","locations":[{"start":{"line":60,"column":10},"end":{"line":83,"column":null}}]},"9":{"loc":{"start":{"line":71,"column":12},"end":{"line":71,"column":null}},"type":"if","locations":[{"start":{"line":71,"column":12},"end":{"line":71,"column":null}}]},"10":{"loc":{"start":{"line":71,"column":12},"end":{"line":71,"column":31}},"type":"binary-expr","locations":[{"start":{"line":71,"column":12},"end":{"line":71,"column":27}},{"start":{"line":71,"column":25},"end":{"line":71,"column":27}},{"start":{"line":71,"column":16},"end":{"line":71,"column":31}}]},"11":{"loc":{"start":{"line":72,"column":12},"end":{"line":72,"column":null}},"type":"if","locations":[{"start":{"line":72,"column":12},"end":{"line":72,"column":null}}]},"12":{"loc":{"start":{"line":72,"column":16},"end":{"line":72,"column":33}},"type":"cond-expr","locations":[{"start":{"line":72,"column":25},"end":{"line":72,"column":27}},{"start":{"line":72,"column":16},"end":{"line":72,"column":33}}]},"13":{"loc":{"start":{"line":72,"column":16},"end":{"line":72,"column":27}},"type":"binary-expr","locations":[{"start":{"line":72,"column":16},"end":{"line":72,"column":27}},{"start":{"line":72,"column":25},"end":{"line":72,"column":27}}]},"14":{"loc":{"start":{"line":74,"column":12},"end":{"line":82,"column":null}},"type":"if","locations":[{"start":{"line":74,"column":12},"end":{"line":82,"column":null}},{"start":{"line":80,"column":17},"end":{"line":82,"column":null}}]},"15":{"loc":{"start":{"line":74,"column":16},"end":{"line":76,"column":52}},"type":"binary-expr","locations":[{"start":{"line":74,"column":16},"end":{"line":74,"column":27}},{"start":{"line":75,"column":19},"end":{"line":75,"column":72}},{"start":{"line":76,"column":19},"end":{"line":76,"column":52}}]},"16":{"loc":{"start":{"line":86,"column":8},"end":{"line":99,"column":null}},"type":"if","locations":[{"start":{"line":86,"column":8},"end":{"line":99,"column":null}}]},"17":{"loc":{"start":{"line":87,"column":10},"end":{"line":98,"column":null}},"type":"if","locations":[{"start":{"line":87,"column":10},"end":{"line":98,"column":null}},{"start":{"line":90,"column":15},"end":{"line":98,"column":null}}]},"18":{"loc":{"start":{"line":91,"column":12},"end":{"line":96,"column":null}},"type":"switch","locations":[{"start":{"line":92,"column":12},"end":{"line":93,"column":null}},{"start":{"line":94,"column":12},"end":{"line":95,"column":null}}]},"19":{"loc":{"start":{"line":104,"column":4},"end":{"line":153,"column":null}},"type":"if","locations":[{"start":{"line":104,"column":4},"end":{"line":153,"column":null}},{"start":{"line":107,"column":9},"end":{"line":153,"column":null}}]},"20":{"loc":{"start":{"line":104,"column":8},"end":{"line":104,"column":72}},"type":"binary-expr","locations":[{"start":{"line":104,"column":8},"end":{"line":104,"column":29}},{"start":{"line":104,"column":33},"end":{"line":104,"column":72}}]},"21":{"loc":{"start":{"line":112,"column":10},"end":{"line":127,"column":null}},"type":"if","locations":[{"start":{"line":112,"column":10},"end":{"line":127,"column":null}},{"start":{"line":122,"column":15},"end":{"line":127,"column":null}}]},"22":{"loc":{"start":{"line":116,"column":12},"end":{"line":116,"column":null}},"type":"if","locations":[{"start":{"line":116,"column":12},"end":{"line":116,"column":null}}]},"23":{"loc":{"start":{"line":116,"column":12},"end":{"line":116,"column":27}},"type":"binary-expr","locations":[{"start":{"line":116,"column":12},"end":{"line":116,"column":23}},{"start":{"line":116,"column":21},"end":{"line":116,"column":23}},{"start":{"line":116,"column":16},"end":{"line":116,"column":27}}]},"24":{"loc":{"start":{"line":122,"column":15},"end":{"line":127,"column":null}},"type":"if","locations":[{"start":{"line":122,"column":15},"end":{"line":127,"column":null}},{"start":{"line":125,"column":15},"end":{"line":127,"column":null}}]},"25":{"loc":{"start":{"line":122,"column":19},"end":{"line":122,"column":49}},"type":"binary-expr","locations":[{"start":{"line":122,"column":19},"end":{"line":122,"column":27}},{"start":{"line":122,"column":31},"end":{"line":122,"column":49}}]},"26":{"loc":{"start":{"line":125,"column":15},"end":{"line":127,"column":null}},"type":"if","locations":[{"start":{"line":125,"column":15},"end":{"line":127,"column":null}}]},"27":{"loc":{"start":{"line":135,"column":22},"end":{"line":135,"column":86}},"type":"cond-expr","locations":[{"start":{"line":135,"column":48},"end":{"line":135,"column":50}},{"start":{"line":135,"column":53},"end":{"line":135,"column":86}}]},"28":{"loc":{"start":{"line":136,"column":6},"end":{"line":152,"column":null}},"type":"if","locations":[{"start":{"line":136,"column":6},"end":{"line":152,"column":null}},{"start":{"line":150,"column":11},"end":{"line":152,"column":null}}]},"29":{"loc":{"start":{"line":150,"column":11},"end":{"line":152,"column":null}},"type":"if","locations":[{"start":{"line":150,"column":11},"end":{"line":152,"column":null}}]},"30":{"loc":{"start":{"line":150,"column":15},"end":{"line":150,"column":65}},"type":"binary-expr","locations":[{"start":{"line":150,"column":15},"end":{"line":150,"column":40}},{"start":{"line":150,"column":44},"end":{"line":150,"column":65}}]},"31":{"loc":{"start":{"line":155,"column":4},"end":{"line":160,"column":null}},"type":"switch","locations":[{"start":{"line":156,"column":4},"end":{"line":157,"column":null}},{"start":{"line":158,"column":4},"end":{"line":159,"column":null}}]}},"s":{"0":4,"1":4,"2":4,"3":4,"4":4,"5":4,"6":4,"7":5,"8":46,"9":46,"10":46,"11":46,"12":46,"13":46,"14":46,"15":46,"16":46,"17":46,"18":24,"19":24,"20":24,"21":0,"22":22,"23":22,"24":22,"25":46,"26":9,"27":46,"28":46,"29":108,"30":108,"31":108,"32":0,"33":108,"34":108,"35":102,"36":6,"37":6,"38":26,"39":0,"40":0,"41":0,"42":0,"43":0,"44":0,"45":0,"46":0,"47":0,"48":0,"49":0,"50":0,"51":0,"52":0,"53":6,"54":6,"55":6,"56":0,"57":0,"58":0,"59":0,"60":0,"61":46,"62":6,"63":26,"64":40,"65":40,"66":64,"67":64,"68":4,"69":4,"70":4,"71":4,"72":0,"73":4,"74":60,"75":26,"76":34,"77":30,"78":64,"79":40,"80":40,"81":40,"82":30,"83":10,"84":2,"85":46,"86":0,"87":0,"88":46,"89":0,"90":0,"91":4},"f":{"0":5,"1":46,"2":26,"3":64},"b":{"0":[0],"1":[24,22],"2":[46,22,1],"3":[0],"4":[24,24],"5":[9],"6":[0],"7":[102,6],"8":[0],"9":[0],"10":[0,0,0],"11":[0],"12":[0,0],"13":[0,0],"14":[0,0],"15":[0,0,0],"16":[6],"17":[6,0],"18":[0,0],"19":[6,40],"20":[46,6],"21":[4,60],"22":[0],"23":[4,4,4],"24":[26,34],"25":[60,56],"26":[30],"27":[4,36],"28":[30,10],"29":[2],"30":[10,5],"31":[0,46]}}
,"/Users/zane/.liq/playground/liquid-labs/plugable-express/src/handlers/server/reload.mjs": {"path":"/Users/zane/.liq/playground/liquid-labs/plugable-express/src/handlers/server/reload.mjs","statementMap":{"0":{"start":{"line":1,"column":0},"end":{"line":1,"column":null}},"1":{"start":{"line":3,"column":12},"end":{"line":3,"column":20}},"2":{"start":{"line":4,"column":10},"end":{"line":4,"column":33}},"3":{"start":{"line":5,"column":16},"end":{"line":5,"column":21}},"4":{"start":{"line":7,"column":13},"end":{"line":11,"column":1}},"5":{"start":{"line":7,"column":43},"end":{"line":11,"column":1}},"6":{"start":{"line":8,"column":2},"end":{"line":8,"column":null}},"7":{"start":{"line":10,"column":2},"end":{"line":10,"column":null}},"8":{"start":{"line":11,"column":1},"end":{"line":11,"column":null}}},"fnMap":{"0":{"name":"(anonymous_0)","decl":{"start":{"line":7,"column":13},"end":{"line":7,"column":14}},"loc":{"start":{"line":7,"column":43},"end":{"line":11,"column":1}}},"1":{"name":"(anonymous_1)","decl":{"start":{"line":7,"column":43},"end":{"line":7,"column":49}},"loc":{"start":{"line":7,"column":62},"end":{"line":11,"column":1}}}},"branchMap":{},"s":{"0":4,"1":4,"2":4,"3":4,"4":4,"5":5,"6":0,"7":0,"8":4},"f":{"0":5,"1":0},"b":{}}
,"/Users/zane/.liq/playground/liquid-labs/plugable-express/src/handlers/server/stop.mjs": {"path":"/Users/zane/.liq/playground/liquid-labs/plugable-express/src/handlers/server/stop.mjs","statementMap":{"0":{"start":{"line":1,"column":12},"end":{"line":1,"column":23}},"1":{"start":{"line":2,"column":10},"end":{"line":2,"column":32}},"2":{"start":{"line":3,"column":16},"end":{"line":3,"column":21}},"3":{"start":{"line":5,"column":13},"end":{"line":17,"column":1}},"4":{"start":{"line":5,"column":33},"end":{"line":17,"column":1}},"5":{"start":{"line":6,"column":2},"end":{"line":6,"column":null}},"6":{"start":{"line":8,"column":2},"end":{"line":13,"column":null}},"7":{"start":{"line":9,"column":16},"end":{"line":9,"column":39}},"8":{"start":{"line":10,"column":4},"end":{"line":12,"column":null}},"9":{"start":{"line":11,"column":6},"end":{"line":11,"column":null}},"10":{"start":{"line":15,"column":2},"end":{"line":15,"column":null}},"11":{"start":{"line":16,"column":2},"end":{"line":16,"column":null}},"12":{"start":{"line":17,"column":1},"end":{"line":17,"column":null}}},"fnMap":{"0":{"name":"(anonymous_0)","decl":{"start":{"line":5,"column":13},"end":{"line":5,"column":14}},"loc":{"start":{"line":5,"column":33},"end":{"line":17,"column":1}}},"1":{"name":"(anonymous_1)","decl":{"start":{"line":5,"column":33},"end":{"line":5,"column":39}},"loc":{"start":{"line":5,"column":52},"end":{"line":17,"column":1}}}},"branchMap":{"0":{"loc":{"start":{"line":10,"column":4},"end":{"line":12,"column":null}},"type":"if","locations":[{"start":{"line":10,"column":4},"end":{"line":12,"column":null}}]}},"s":{"0":4,"1":4,"2":4,"3":4,"4":5,"5":0,"6":0,"7":0,"8":0,"9":0,"10":0,"11":0,"12":4},"f":{"0":5,"1":0},"b":{"0":[0]}}
,"/Users/zane/.liq/playground/liquid-labs/plugable-express/src/handlers/server/version.js": {"path":"/Users/zane/.liq/playground/liquid-labs/plugable-express/src/handlers/server/version.js","statementMap":{"0":{"start":{"line":1,"column":0},"end":{"line":1,"column":null}},"1":{"start":{"line":2,"column":0},"end":{"line":2,"column":null}},"2":{"start":{"line":4,"column":0},"end":{"line":4,"column":68}},"3":{"start":{"line":4,"column":68},"end":{"line":4,"column":null}},"4":{"start":{"line":6,"column":12},"end":{"line":6,"column":20}},"5":{"start":{"line":7,"column":10},"end":{"line":7,"column":34}},"6":{"start":{"line":8,"column":16},"end":{"line":8,"column":21}},"7":{"start":{"line":10,"column":13},"end":{"line":33,"column":1}},"8":{"start":{"line":10,"column":43},"end":{"line":33,"column":1}},"9":{"start":{"line":11,"column":22},"end":{"line":25,"column":3}},"10":{"start":{"line":27,"column":15},"end":{"line":31,"column":1}},"11":{"start":{"line":32,"column":2},"end":{"line":32,"column":null}},"12":{"start":{"line":33,"column":1},"end":{"line":33,"column":null}}},"fnMap":{"0":{"name":"_getRequireWildcardCache","decl":{"start":{"line":4,"column":68},"end":{"line":4,"column":null}},"loc":{"start":{"line":4,"column":68},"end":{"line":4,"column":null}}},"1":{"name":"(anonymous_3)","decl":{"start":{"line":10,"column":13},"end":{"line":10,"column":14}},"loc":{"start":{"line":10,"column":43},"end":{"line":33,"column":1}}},"2":{"name":"(anonymous_4)","decl":{"start":{"line":10,"column":43},"end":{"line":10,"column":44}},"loc":{"start":{"line":10,"column":57},"end":{"line":33,"column":1}}}},"branchMap":{"0":{"loc":{"start":{"line":4,"column":68},"end":{"line":4,"column":null}},"type":"if","locations":[{"start":{"line":4,"column":68},"end":{"line":4,"column":null}}]},"1":{"loc":{"start":{"line":4,"column":68},"end":{"line":4,"column":null}},"type":"cond-expr","locations":[{"start":{"line":4,"column":68},"end":{"line":4,"column":null}},{"start":{"line":4,"column":68},"end":{"line":4,"column":null}}]},"2":{"loc":{"start":{"line":4,"column":68},"end":{"line":4,"column":null}},"type":"binary-expr","locations":[{"start":{"line":4,"column":68},"end":{"line":4,"column":null}},{"start":{"line":4,"column":68},"end":{"line":4,"column":null}},{"start":{"line":4,"column":68},"end":{"line":4,"column":null}}]}},"s":{"0":4,"1":4,"2":4,"3":432,"4":4,"5":4,"6":4,"7":4,"8":5,"9":3,"10":3,"11":3,"12":4},"f":{"0":12,"1":5,"2":3},"b":{"0":[96],"1":[192,196],"2":[100,100,96]}}
,"/Users/zane/.liq/playground/liquid-labs/plugable-express/src/handlers/server/_lib/next-options.mjs": {"path":"/Users/zane/.liq/playground/liquid-labs/plugable-express/src/handlers/server/_lib/next-options.mjs","statementMap":{"0":{"start":{"line":1,"column":0},"end":{"line":1,"column":null}},"1":{"start":{"line":3,"column":31},"end":{"line":35,"column":1}},"2":{"start":{"line":13,"column":18},"end":{"line":13,"column":85}},"3":{"start":{"line":15,"column":2},"end":{"line":15,"column":null}},"4":{"start":{"line":15,"column":29},"end":{"line":15,"column":null}},"5":{"start":{"line":16,"column":23},"end":{"line":16,"column":92}},"6":{"start":{"line":17,"column":2},"end":{"line":17,"column":null}},"7":{"start":{"line":17,"column":27},"end":{"line":17,"column":null}},"8":{"start":{"line":22,"column":2},"end":{"line":29,"column":null}},"9":{"start":{"line":22,"column":48},"end":{"line":22,"column":null}},"10":{"start":{"line":23,"column":7},"end":{"line":29,"column":null}},"11":{"start":{"line":24,"column":4},"end":{"line":24,"column":null}},"12":{"start":{"line":27,"column":25},"end":{"line":27,"column":72}},"13":{"start":{"line":28,"column":4},"end":{"line":28,"column":null}},"14":{"start":{"line":28,"column":40},"end":{"line":28,"column":66}},"15":{"start":{"line":37,"column":25},"end":{"line":47,"column":1}},"16":{"start":{"line":38,"column":18},"end":{"line":38,"column":20}},"17":{"start":{"line":39,"column":2},"end":{"line":44,"column":null}},"18":{"start":{"line":39,"column":26},"end":{"line":39,"column":null}},"19":{"start":{"line":40,"column":7},"end":{"line":44,"column":null}},"20":{"start":{"line":41,"column":4},"end":{"line":41,"column":null}},"21":{"start":{"line":42,"column":4},"end":{"line":42,"column":null}},"22":{"start":{"line":44,"column":7},"end":{"line":44,"column":null}},"23":{"start":{"line":46,"column":2},"end":{"line":46,"column":null}},"24":{"start":{"line":49,"column":24},"end":{"line":91,"column":1}},"25":{"start":{"line":51,"column":23},"end":{"line":51,"column":60}},"26":{"start":{"line":51,"column":55},"end":{"line":51,"column":59}},"27":{"start":{"line":52,"column":25},"end":{"line":52,"column":54}},"28":{"start":{"line":52,"column":47},"end":{"line":52,"column":53}},"29":{"start":{"line":54,"column":18},"end":{"line":54,"column":20}},"30":{"start":{"line":57,"column":19},"end":{"line":59,"column":83}},"31":{"start":{"line":60,"column":2},"end":{"line":88,"column":null}},"32":{"start":{"line":61,"column":25},"end":{"line":61,"column":80}},"33":{"start":{"line":61,"column":54},"end":{"line":61,"column":79}},"34":{"start":{"line":62,"column":23},"end":{"line":68,"column":10}},"35":{"start":{"line":63,"column":20},"end":{"line":63,"column":69}},"36":{"start":{"line":63,"column":46},"end":{"line":63,"column":58}},"37":{"start":{"line":64,"column":6},"end":{"line":66,"column":null}},"38":{"start":{"line":65,"column":8},"end":{"line":65,"column":null}},"39":{"start":{"line":67,"column":6},"end":{"line":67,"column":null}},"40":{"start":{"line":70,"column":4},"end":{"line":74,"column":null}},"41":{"start":{"line":71,"column":6},"end":{"line":73,"column":null}},"42":{"start":{"line":72,"column":8},"end":{"line":72,"column":null}},"43":{"start":{"line":72,"column":77},"end":{"line":72,"column":92}},"44":{"start":{"line":77,"column":4},"end":{"line":87,"column":null}},"45":{"start":{"line":78,"column":6},"end":{"line":78,"column":null}},"46":{"start":{"line":81,"column":30},"end":{"line":81,"column":88}},"47":{"start":{"line":81,"column":59},"end":{"line":81,"column":87}},"48":{"start":{"line":82,"column":6},"end":{"line":86,"column":null}},"49":{"start":{"line":83,"column":25},"end":{"line":83,"column":71}},"50":{"start":{"line":83,"column":48},"end":{"line":83,"column":70}},"51":{"start":{"line":85,"column":8},"end":{"line":85,"column":null}},"52":{"start":{"line":90,"column":2},"end":{"line":90,"column":null}},"53":{"start":{"line":93,"column":20},"end":{"line":149,"column":1}},"54":{"start":{"line":105,"column":2},"end":{"line":146,"column":null}},"55":{"start":{"line":106,"column":4},"end":{"line":107,"column":null}},"56":{"start":{"line":106,"column":31},"end":{"line":106,"column":63}},"57":{"start":{"line":107,"column":9},"end":{"line":107,"column":null}},"58":{"start":{"line":109,"column":7},"end":{"line":146,"column":null}},"59":{"start":{"line":110,"column":4},"end":{"line":110,"column":null}},"60":{"start":{"line":114,"column":33},"end":{"line":114,"column":63}},"61":{"start":{"line":115,"column":27},"end":{"line":117,"column":64}},"62":{"start":{"line":118,"column":31},"end":{"line":118,"column":80}},"63":{"start":{"line":118,"column":54},"end":{"line":118,"column":79}},"64":{"start":{"line":119,"column":28},"end":{"line":119,"column":null}},"65":{"start":{"line":121,"column":4},"end":{"line":145,"column":null}},"66":{"start":{"line":122,"column":6},"end":{"line":122,"column":null}},"67":{"start":{"line":125,"column":9},"end":{"line":145,"column":null}},"68":{"start":{"line":126,"column":6},"end":{"line":135,"column":null}},"69":{"start":{"line":138,"column":6},"end":{"line":144,"column":null}},"70":{"start":{"line":148,"column":2},"end":{"line":148,"column":null}},"71":{"start":{"line":149,"column":1},"end":{"line":149,"column":null}}},"fnMap":{"0":{"name":"(anonymous_0)","decl":{"start":{"line":3,"column":31},"end":{"line":3,"column":37}},"loc":{"start":{"line":12,"column":6},"end":{"line":35,"column":1}}},"1":{"name":"(anonymous_1)","decl":{"start":{"line":28,"column":34},"end":{"line":28,"column":35}},"loc":{"start":{"line":28,"column":40},"end":{"line":28,"column":66}}},"2":{"name":"(anonymous_2)","decl":{"start":{"line":37,"column":25},"end":{"line":37,"column":26}},"loc":{"start":{"line":37,"column":43},"end":{"line":47,"column":1}}},"3":{"name":"(anonymous_3)","decl":{"start":{"line":49,"column":24},"end":{"line":49,"column":25}},"loc":{"start":{"line":49,"column":111},"end":{"line":91,"column":1}}},"4":{"name":"(anonymous_4)","decl":{"start":{"line":51,"column":49},"end":{"line":51,"column":50}},"loc":{"start":{"line":51,"column":55},"end":{"line":51,"column":59}}},"5":{"name":"(anonymous_5)","decl":{"start":{"line":52,"column":41},"end":{"line":52,"column":42}},"loc":{"start":{"line":52,"column":47},"end":{"line":52,"column":53}}},"6":{"name":"(anonymous_6)","decl":{"start":{"line":61,"colu
[...]
60,"column":22},"end":{"line":60,"column":63}},"type":"binary-expr","locations":[{"start":{"line":60,"column":22},"end":{"line":60,"column":32}},{"start":{"line":60,"column":36},"end":{"line":60,"column":63}}]},"8":{"loc":{"start":{"line":62,"column":2},"end":{"line":64,"column":null}},"type":"if","locations":[{"start":{"line":62,"column":2},"end":{"line":64,"column":null}}]},"9":{"loc":{"start":{"line":69,"column":4},"end":{"line":69,"column":null}},"type":"if","locations":[{"start":{"line":69,"column":4},"end":{"line":69,"column":null}}]},"10":{"loc":{"start":{"line":71,"column":4},"end":{"line":71,"column":null}},"type":"if","locations":[{"start":{"line":71,"column":4},"end":{"line":71,"column":null}}]},"11":{"loc":{"start":{"line":71,"column":8},"end":{"line":71,"column":58}},"type":"binary-expr","locations":[{"start":{"line":71,"column":8},"end":{"line":71,"column":31}},{"start":{"line":71,"column":35},"end":{"line":71,"column":58}}]},"12":{"loc":{"start":{"line":73,"column":4},"end":{"line":90,"column":null}},"type":"if","locations":[{"start":{"line":73,"column":4},"end":{"line":90,"column":null}},{"start":{"line":83,"column":9},"end":{"line":90,"column":null}}]},"13":{"loc":{"start":{"line":76,"column":6},"end":{"line":78,"column":null}},"type":"if","locations":[{"start":{"line":76,"column":6},"end":{"line":78,"column":null}}]},"14":{"loc":{"start":{"line":79,"column":14},"end":{"line":81,"column":49}},"type":"cond-expr","locations":[{"start":{"line":80,"column":10},"end":{"line":80,"column":50}},{"start":{"line":81,"column":10},"end":{"line":81,"column":49}}]},"15":{"loc":{"start":{"line":83,"column":9},"end":{"line":90,"column":null}},"type":"if","locations":[{"start":{"line":83,"column":9},"end":{"line":90,"column":null}},{"start":{"line":86,"column":9},"end":{"line":90,"column":null}}]},"16":{"loc":{"start":{"line":87,"column":14},"end":{"line":89,"column":35}},"type":"cond-expr","locations":[{"start":{"line":88,"column":10},"end":{"line":88,"column":36}},{"start":{"line":89,"column":10},"end":{"line":89,"column":35}}]},"17":{"loc":{"start":{"line":102,"column":4},"end":{"line":120,"column":null}},"type":"if","locations":[{"start":{"line":102,"column":4},"end":{"line":120,"column":null}},{"start":{"line":112,"column":9},"end":{"line":120,"column":null}}]},"18":{"loc":{"start":{"line":105,"column":6},"end":{"line":107,"column":null}},"type":"if","locations":[{"start":{"line":105,"column":6},"end":{"line":107,"column":null}}]},"19":{"loc":{"start":{"line":112,"column":9},"end":{"line":120,"column":null}},"type":"if","locations":[{"start":{"line":112,"column":9},"end":{"line":120,"column":null}},{"start":{"line":117,"column":9},"end":{"line":120,"column":null}}]},"20":{"loc":{"start":{"line":126,"column":4},"end":{"line":128,"column":null}},"type":"if","locations":[{"start":{"line":126,"column":4},"end":{"line":128,"column":null}}]},"21":{"loc":{"start":{"line":132,"column":2},"end":{"line":134,"column":null}},"type":"if","locations":[{"start":{"line":132,"column":2},"end":{"line":134,"column":null}}]},"22":{"loc":{"start":{"line":152,"column":18},"end":{"line":152,"column":42}},"type":"binary-expr","locations":[{"start":{"line":152,"column":18},"end":{"line":152,"column":31}},{"start":{"line":152,"column":35},"end":{"line":152,"column":42}}]},"23":{"loc":{"start":{"line":154,"column":4},"end":{"line":158,"column":null}},"type":"if","locations":[{"start":{"line":154,"column":4},"end":{"line":158,"column":null}}]},"24":{"loc":{"start":{"line":154,"column":8},"end":{"line":155,"column":96}},"type":"binary-expr","locations":[{"start":{"line":154,"column":8},"end":{"line":154,"column":37}},{"start":{"line":155,"column":13},"end":{"line":155,"column":96}}]},"25":{"loc":{"start":{"line":155,"column":31},"end":{"line":155,"column":95}},"type":"binary-expr","locations":[{"start":{"line":155,"column":31},"end":{"line":155,"column":48}},{"start":{"line":155,"column":52},"end":{"line":155,"column":70}},{"start":{"line":155,"column":74},"end":{"line":155,"column":95}}]},"26":{"loc":{"start":{"line":160,"column":4},"end":{"line":162,"column":null}},"type":"if","locations":[{"start":{"line":160,"column":4},"end":{"line":162,"column":null}}]},"27":{"loc":{"start":{"line":160,"column":9},"end":{"line":160,"column":106}},"type":"binary-expr","locations":[{"start":{"line":160,"column":9},"end":{"line":160,"column":28}},{"start":{"line":160,"column":32},"end":{"line":160,"column":59}},{"start":{"line":160,"column":64},"end":{"line":160,"column":84}},{"start":{"line":160,"column":88},"end":{"line":160,"column":106}}]},"28":{"loc":{"start":{"line":163,"column":4},"end":{"line":165,"column":null}},"type":"if","locations":[{"start":{"line":163,"column":4},"end":{"line":165,"column":null}}]},"29":{"loc":{"start":{"line":163,"column":8},"end":{"line":163,"column":58}},"type":"binary-expr","locations":[{"start":{"line":163,"column":8},"end":{"line":163,"column":27}},{"start":{"line":163,"column":31},"end":{"line":163,"column":58}}]},"30":{"loc":{"start":{"line":173,"column":6},"end":{"line":175,"column":null}},"type":"if","locations":[{"start":{"line":173,"column":6},"end":{"line":175,"column":null}}]},"31":{"loc":{"start":{"line":177,"column":27},"end":{"line":181,"column":35}},"type":"cond-expr","locations":[{"start":{"line":178,"column":10},"end":{"line":178,"column":14}},{"start":{"line":179,"column":10},"end":{"line":181,"column":35}}]},"32":{"loc":{"start":{"line":179,"column":10},"end":{"line":181,"column":35}},"type":"cond-expr","locations":[{"start":{"line":180,"column":12},"end":{"line":180,"column":93}},{"start":{"line":181,"column":12},"end":{"line":181,"column":35}}]},"33":{"loc":{"start":{"line":196,"column":6},"end":{"line":199,"column":null}},"type":"if","locations":[{"start":{"line":196,"column":6},"end":{"line":199,"column":null}}]},"34":{"loc":{"start":{"line":201,"column":6},"end":{"line":231,"column":null}},"type":"if","locations":[{"start":{"line":201,"column":6},"end":{"line":231,"column":null}}]},"35":{"loc":{"start":{"line":205,"column":27},"end":{"line":207,"column":51}},"type":"cond-expr","locations":[{"start":{"line":206,"column":12},"end":{"line":206,"column":39}},{"start":{"line":207,"column":12},"end":{"line":207,"column":51}}]},"36":{"loc":{"start":{"line":209,"column":32},"end":{"line":209,"column":48}},"type":"binary-expr","locations":[{"start":{"line":209,"column":32},"end":{"line":209,"column":42}},{"start":{"line":209,"column":46},"end":{"line":209,"column":48}}]},"37":{"loc":{"start":{"line":210,"column":28},"end":{"line":212,"column":36}},"type":"cond-expr","locations":[{"start":{"line":211,"column":14},"end":{"line":211,"column":36}},{"start":{"line":212,"column":14},"end":{"line":212,"column":36}}]},"38":{"loc":{"start":{"line":214,"column":10},"end":{"line":217,"column":null}},"type":"if","locations":[{"start":{"line":214,"column":10},"end":{"line":217,"column":null}}]},"39":{"loc":{"start":{"line":226,"column":10},"end":{"line":228,"column":null}},"type":"if","locations":[{"start":{"line":226,"column":10},"end":{"line":228,"column":null}}]},"40":{"loc":{"start":{"line":226,"column":14},"end":{"line":226,"column":77}},"type":"binary-expr","locations":[{"start":{"line":226,"column":14},"end":{"line":226,"column":43}},{"start":{"line":226,"column":47},"end":{"line":226,"column":77}}]},"41":{"loc":{"start":{"line":234,"column":6},"end":{"line":245,"column":null}},"type":"if","locations":[{"start":{"line":234,"column":6},"end":{"line":245,"column":null}}]},"42":{"loc":{"start":{"line":236,"column":10},"end":{"line":243,"column":null}},"type":"if","locations":[{"start":{"line":236,"column":10},"end":{"line":243,"column":null}},{"start":{"line":239,"column":15},"end":{"line":243,"column":null}}]},"43":{"loc":{"start":{"line":236,"column":14},"end":{"line":236,"column":53}},"type":"binary-expr","locations":[{"start":{"line":236,"column":14},"end":{"line":236,"column":31}},{"start":{"line":236,"column":35},"end":{"line":236,"column":53}}]},"44":{"loc":{"start":{"line":239,"column":15},"end":{"line":243,"column":null}},"type":"if","locations":[{"start":{"line":239,"column":15},"end":{"line":243,"column":null}},{"start":{"line":242,"column":15},"end":{"line":243,"column":null}}]},"45":{"loc":{"start":{"line":239,"column":19},"end":{"line":239,"column":58}},"type":"binary-expr","locations":[{"start":{"line":239,"column":19},"end":{"line":239,"column":36}},{"start":{"line":239,"column":40},"end":{"line":239,"column":58}}]},"46":{"loc":{"start":{"line":242,"column":15},"end":{"line":243,"column":null}},"type":"if","locations":[{"start":{"line":242,"column":15},"end":{"line":243,"column":null}},{"start":{"line":243,"column":47},"end":{"line":243,"column":null}}]},"47":{"loc":{"start":{"line":242,"column":59},"end":{"line":242,"column":91}},"type":"cond-expr","locations":[{"start":{"line":242,"column":85},"end":{"line":242,"column":86}},{"start":{"line":242,"column":89},"end":{"line":242,"column":91}}]},"48":{"loc":{"start":{"line":253,"column":30},"end":{"line":255,"column":48}},"type":"cond-expr","locations":[{"start":{"line":254,"column":12},"end":{"line":254,"column":62}},{"start":{"line":255,"column":12},"end":{"line":255,"column":48}}]},"49":{"loc":{"start":{"line":267,"column":6},"end":{"line":296,"column":7}},"type":"if","locations":[{"start":{"line":267,"column":6},"end":{"line":296,"column":7}}]},"50":{"loc":{"start":{"line":268,"column":8},"end":{"line":270,"column":null}},"type":"if","locations":[{"start":{"line":268,"column":8},"end":{"line":270,"column":null}}]},"51":{"loc":{"start":{"line":278,"column":51},"end":{"line":278,"column":85}},"type":"cond-expr","locations":[{"start":{"line":278,"column":71},"end":{"line":278,"column":81}},{"start":{"line":278,"column":84},"end":{"line":278,"column":85}}]},"52":{"loc":{"start":{"line":299,"column":13},"end":{"line":299,"column":36}},"type":"binary-expr","locations":[{"start":{"line":299,"column":13},"end":{"line":299,"column":23}},{"start":{"line":299,"column":27},"end":{"line":299,"column":36}}]},"53":{"loc":{"start":{"line":299,"column":13},"end":{"line":299,"column":23}},"type":"cond-expr","locations":[{"start":{"line":299,"column":17},"end":{"line":299,"column":19}},{"start":{"line":299,"column":13},"end":{"line":299,"column":23}}]},"54":{"loc":{"start":{"line":299,"column":13},"end":{"line":299,"column":19}},"type":"binary-expr","locations":[{"start":{"line":299,"column":13},"end":{"line":299,"column":19}},{"start":{"line":299,"column":13},"end":{"line":299,"column":19}}]}},"s":{"0":4,"1":4,"2":4,"3":4,"4":4,"5":4,"6":4,"7":4,"8":4,"9":4,"10":4,"11":0,"12":0,"13":0,"14":0,"15":0,"16":4,"17":116,"18":51,"19":51,"20":0,"21":51,"22":50,"23":50,"24":100,"25":0,"26":0,"27":50,"28":0,"29":51,"30":51,"31":51,"32":0,"33":51,"34":46,"35":51,"36":51,"37":0,"38":51,"39":46,"40":46,"41":0,"42":46,"43":0,"44":46,"45":0,"46":0,"47":0,"48":0,"49":0,"50":46,"51":0,"52":46,"53":46,"54":51,"55":4,"56":115,"57":115,"58":115,"59":430,"60":15,"61":15,"62":15,"63":0,"64":15,"65":15,"66":15,"67":415,"68":10,"69":10,"70":10,"71":405,"72":405,"73":115,"74":115,"75":115,"76":430,"77":175,"78":430,"79":115,"80":0,"81":115,"82":30,"83":115,"84":4,"85":115,"86":4,"87":6,"88":6,"89":81,"90":81,"91":81,"92":0,"93":0,"94":81,"95":0,"96":81,"97":0,"98":81,"99":81,"100":81,"101":81,"102":1,"103":81,"104":81,"105":81,"106":81,"107":81,"108":1,"109":1,"110":81,"111":52,"112":52,"113":52,"114":0,"115":0,"116":0,"117":0,"118":0,"119":0,"120":0,"121":0,"122":0,"123":0,"124":0,"125":52,"126":48,"127":48,"128":48,"129":81,"130":53,"131":68,"132":0,"133":68,"134":0,"135":68,"136":0,"137":68,"138":81,"139":81,"140":81,"141":81,"142":0,"143":0,"144":81,"145":81,"146":81,"147":81,"148":35,"149":0,"150":35,"151":35,"152":35,"153":35,"154":185,"155":35,"156":35,"157":35,"158":35,"159":35,"160":35,"161":81,"162":6,"163":4},"f":{"0":0,"1":116,"2":51,"3":0,"4":46,"5":0,"6":0,"7":115,"8":30,"9":115,"10":6,"11":0,"12":0,"13":68,"14":185},"b":{"0":[0,0],"1":[0,0],"2":[1],"3":[50],"4":[0],"5":[0,51],"6":[0],"7":[51,51],"8":[0],"9":[0],"10":[0],"11":[46,0],"12":[0,46],"13":[0],"14":[0,0],"15":[0,46],"16":[0,46],"17":[15,415],"18":[0],"19":[10,405],"20":[175],"21":[0],"22":[81,81],"23":[0],"24":[81,0],"25":[0,0,0],"26":[0],"27":[81,0,81,81],"28":[0],"29":[81,81],"30":[1],"31":[1,80],"32":[80,0],"33":[1],"34":[52],"35":[0,52],"36":[52,52],"37":[0,0],"38":[0],"39":[48],"40":[48,48],"41":[53],"42":[0,68],"43":[68,0],"44":[0,68],"45":[68,0],"46":[0,68],"47":[0,0],"48":[1,80],"49":[35],"50":[0],"51":[10,175],"52":[81,46],"53":[46,35],"54":[81,81]}}
,"/Users/zane/.liq/playground/liquid-labs/plugable-express/src/lib/reporter.js": {"path":"/Users/zane/.liq/playground/liquid-labs/plugable-express/src/lib/reporter.js","statementMap":{"0":{"start":{"line":3,"column":26},"end":{"line":9,"column":null}},"1":{"start":{"line":12,"column":14},"end":{"line":48,"column":null}},"2":{"start":{"line":16,"column":54},"end":{"line":16,"column":null}},"3":{"start":{"line":17,"column":4},"end":{"line":17,"column":null}},"4":{"start":{"line":18,"column":4},"end":{"line":18,"column":null}},"5":{"start":{"line":20,"column":4},"end":{"line":20,"column":null}},"6":{"start":{"line":22,"column":4},"end":{"line":29,"column":null}},"7":{"start":{"line":23,"column":6},"end":{"line":28,"column":null}},"8":{"start":{"line":24,"column":8},"end":{"line":24,"column":null}},"9":{"start":{"line":24,"column":40},"end":{"line":24,"column":null}},"10":{"start":{"line":27,"column":8},"end":{"line":27,"column":null}},"11":{"start":{"line":33,"column":4},"end":{"line":33,"column":null}},"12":{"start":{"line":37,"column":4},"end":{"line":37,"column":null}},"13":{"start":{"line":41,"column":4},"end":{"line":41,"column":null}},"14":{"start":{"line":42,"column":4},"end":{"line":42,"column":null}},"15":{"start":{"line":42,"column":24},"end":{"line":42,"column":null}},"16":{"start":{"line":45,"column":21},"end":{"line":45,"column":50}},"17":{"start":{"line":47,"column":12},"end":{"line":47,"column":34}}},"fnMap":{"0":{"name":"(anonymous_0)","decl":{"start":{"line":16,"column":2},"end":{"line":16,"column":13}},"loc":{"start":{"line":16,"column":54},"end":{"line":30,"column":null}}},"1":{"name":"(anonymous_1)","decl":{"start":{"line":23,"column":25},"end":{"line":23,"column":26}},"loc":{"start":{"line":23,"column":38},"end":{"line":28,"column":7}}},"2":{"name":"(anonymous_2)","decl":{"start":{"line":32,"column":2},"end":{"line":32,"column":11}},"loc":{"start":{"line":32,"column":26},"end":{"line":34,"column":null}}},"3":{"name":"(anonymous_3)","decl":{"start":{"line":36,"column":2},"end":{"line":36,"column":9}},"loc":{"start":{"line":36,"column":12},"end":{"line":38,"column":null}}},"4":{"name":"(anonymous_4)","decl":{"start":{"line":40,"column":2},"end":{"line":40,"column":6}},"loc":{"start":{"line":40,"column":36},"end":{"line":43,"column":null}}},"5":{"name":"(anonymous_5)","decl":{"start":{"line":45,"column":2},"end":{"line":45,"column":6}},"loc":{"start":{"line":45,"column":19},"end":{"line":45,"column":null}}},"6":{"name":"(anonymous_6)","decl":{"start":{"line":47,"column":2},"end":{"line":47,"column":7}},"loc":{"start":{"line":47,"column":10},"end":{"line":47,"column":null}}}},"branchMap":{"0":{"loc":{"start":{"line":16,"column":14},"end":{"line":16,"column":52}},"type":"default-arg","locations":[{"start":{"line":16,"column":50},"end":{"line":16,"column":52}}]},"1":{"loc":{"start":{"line":20,"column":28},"end":{"line":20,"column":45}},"type":"binary-expr","locations":[{"start":{"line":20,"column":28},"end":{"line":20,"column":39}},{"start":{"line":20,"column":43},"end":{"line":20,"column":45}}]},"2":{"loc":{"start":{"line":24,"column":8},"end":{"line":24,"column":null}},"type":"if","locations":[{"start":{"line":24,"column":8},"end":{"line":24,"column":null}}]},"3":{"loc":{"start":{"line":32,"column":12},"end":{"line":32,"column":24}},"type":"default-arg","locations":[{"start":{"line":32,"column":22},"end":{"line":32,"column":24}}]},"4":{"loc":{"start":{"line":40,"column":12},"end":{"line":40,"column":34}},"type":"default-arg","locations":[{"start":{"line":40,"column":32},"end":{"line":40,"column":34}}]},"5":{"loc":{"start":{"line":40,"column":14},"end":{"line":40,"column":28}},"type":"default-arg","locations":[{"start":{"line":40,"column":22},"end":{"line":40,"column":28}}]},"6":{"loc":{"start":{"line":42,"column":4},"end":{"line":42,"column":null}},"type":"if","locations":[{"start":{"line":42,"column":4},"end":{"line":42,"column":null}}]}},"s":{"0":4,"1":4,"2":12,"3":6,"4":6,"5":6,"6":6,"7":36,"8":53,"9":53,"10":0,"11":6,"12":0,"13":0,"14":0,"15":0,"16":0,"17":0},"f":{"0":6,"1":53,"2":6,"3":0,"4":0,"5":0,"6":0},"b":{"0":[0],"1":[6,6],"2":[53],"3":[0],"4":[0],"5":[0],"6":[0]}}
,"/Users/zane/.liq/playground/liquid-labs/plugable-express/src/test/lib/test-utils.js": {"path":"/Users/zane/.liq/playground/liquid-labs/plugable-express/src/test/lib/test-utils.js","statementMap":{"0":{"start":{"line":1,"column":0},"end":{"line":1,"column":null}},"1":{"start":{"line":2,"column":0},"end":{"line":2,"column":null}},"2":{"start":{"line":3,"column":0},"end":{"line":3,"column":null}},"3":{"start":{"line":5,"column":0},"end":{"line":5,"column":45}},"4":{"start":{"line":5,"column":45},"end":{"line":5,"column":null}},"5":{"start":{"line":7,"column":19},"end":{"line":7,"column":24}},"6":{"start":{"line":8,"column":16},"end":{"line":8,"column":20}},"7":{"start":{"line":10,"column":27},"end":{"line":24,"column":1}},"8":{"start":{"line":17,"column":2},"end":{"line":23,"column":null}},"9":{"start":{"line":24,"column":1},"end":{"line":24,"column":null}},"10":{"start":{"line":26,"column":13},"end":{"line":26,"column":86}},"11":{"start":{"line":27,"column":20},"end":{"line":27,"column":36}},"12":{"start":{"line":28,"column":14},"end":{"line":28,"column":36}}},"fnMap":{"0":{"name":"_getRequireWildcardCache","decl":{"start":{"line":5,"column":45},"end":{"line":5,"column":null}},"loc":{"start":{"line":5,"column":45},"end":{"line":5,"column":null}}},"1":{"name":"(anonymous_3)","decl":{"start":{"line":10,"column":27},"end":{"line":10,"column":28}},"loc":{"start":{"line":16,"column":11},"end":{"line":24,"column":1}}}},"branchMap":{"0":{"loc":{"start":{"line":5,"column":45},"end":{"line":5,"column":null}},"type":"if","locations":[{"start":{"line":5,"column":45},"end":{"line":5,"column":null}}]},"1":{"loc":{"start":{"line":5,"column":45},"end":{"line":5,"column":null}},"type":"cond-expr","locations":[{"start":{"line":5,"column":45},"end":{"line":5,"column":null}},{"start":{"line":5,"column":45},"end":{"line":5,"column":null}}]},"2":{"loc":{"start":{"line":5,"column":45},"end":{"line":5,"column":null}},"type":"binary-expr","locations":[{"start":{"line":5,"column":45},"end":{"line":5,"column":null}},{"start":{"line":5,"column":45},"end":{"line":5,"column":null}},{"start":{"line":5,"column":45},"end":{"line":5,"column":null}}]},"3":{"loc":{"start":{"line":10,"column":28},"end":{"line":16,"column":6}},"type":"default-arg","locations":[{"start":{"line":16,"column":4},"end":{"line":16,"column":6}}]},"4":{"loc":{"start":{"line":11,"column":2},"end":{"line":11,"column":108}},"type":"default-arg","locations":[{"start":{"line":11,"column":15},"end":{"line":11,"column":108}}]},"5":{"loc":{"start":{"line":12,"column":2},"end":{"line":12,"column":24}},"type":"default-arg","locations":[{"start":{"line":12,"column":20},"end":{"line":12,"column":24}}]},"6":{"loc":{"start":{"line":13,"column":2},"end":{"line":13,"column":44}},"type":"default-arg","locations":[{"start":{"line":13,"column":13},"end":{"line":13,"column":44}}]},"7":{"loc":{"start":{"line":14,"column":2},"end":{"line":14,"column":27}},"type":"default-arg","locations":[{"start":{"line":14,"column":23},"end":{"line":14,"column":27}}]}},"s":{"0":4,"1":4,"2":4,"3":4,"4":2448,"5":4,"6":4,"7":4,"8":6,"9":4,"10":4,"11":4,"12":4},"f":{"0":28,"1":6},"b":{"0":[584],"1":[1188,1160],"2":[596,596,564],"3":[3],"4":[6],"5":[6],"6":[6],"7":[6]}}
}
